2018-09-22 00:25:12,305 INFO [br.com.bradesco.web.aq.application.log.impl.LogManagerImpl] - [Loaded LOG CATALOG from EXTERNAL Location [ '/suportedbdc_apl/ibsp/ibspaceitedigital/config/log4j-catalog.xml'].]
2018-09-22 00:25:12,333 WARN [br.com.bradesco.web.aq.application.alert.config.AlertCatalogImpl] - [Could not open ServletContext resource [/WEB-INF/classes/alert-catalog.xml]]
2018-09-22 00:25:12,347 WARN [br.com.bradesco.web.aq.application.alert.channel.file.impl.FileEmitterImpl] - [No such file or directory]
2018-09-22 00:25:23,751 INFO [br.com.bradesco.web.aq.application.log.impl.LogManagerImpl] - [Loaded LOG CATALOG from EXTERNAL Location [ '/suportedbdc_apl/ibsp/ibspaceitedigital/config/log4j-catalog.xml'].]
2018-09-22 00:25:23,785 WARN [br.com.bradesco.web.aq.application.alert.config.AlertCatalogImpl] - [Could not open ServletContext resource [/WEB-INF/classes/alert-catalog.xml]]
2018-09-22 00:25:23,801 WARN [br.com.bradesco.web.aq.application.alert.channel.file.impl.FileEmitterImpl] - [No such file or directory]
2018-09-22 00:26:50,956 INFO [br.com.bradesco.web.aq.application.log.impl.LogManagerImpl] - [Loaded LOG CATALOG from EXTERNAL Location [ '/suportedbdc_apl/ibsp/ibspaceitedigital/config/log4j-catalog.xml'].]
2018-09-22 00:26:50,995 WARN [br.com.bradesco.web.aq.application.alert.config.AlertCatalogImpl] - [Could not open ServletContext resource [/WEB-INF/classes/alert-catalog.xml]]
2018-09-22 00:26:51,017 WARN [br.com.bradesco.web.aq.application.alert.channel.file.impl.FileEmitterImpl] - [No such file or directory]
2018-09-22 00:26:58,025 INFO [br.com.bradesco.web.aq.application.log.impl.LogManagerImpl] - [Loaded LOG CATALOG from EXTERNAL Location [ '/suportedbdc_apl/ibsp/ibspaceitedigital/config/log4j-catalog.xml'].]
2018-09-22 00:26:58,065 WARN [br.com.bradesco.web.aq.application.alert.config.AlertCatalogImpl] - [Could not open ServletContext resource [/WEB-INF/classes/alert-catalog.xml]]
2018-09-22 00:26:58,084 WARN [br.com.bradesco.web.aq.application.alert.channel.file.impl.FileEmitterImpl] - [No such file or directory]
2018-09-22 00:43:26,214 INFO [br.com.bradesco.web.aq.application.log.impl.LogManagerImpl] - [Loaded LOG CATALOG from EXTERNAL Location [ '/suportedbdc_apl/ibsp/ibspaceitedigital/config/log4j-catalog.xml'].]
2018-09-22 00:43:26,241 WARN [br.com.bradesco.web.aq.application.alert.config.AlertCatalogImpl] - [Could not open ServletContext resource [/WEB-INF/classes/alert-catalog.xml]]
2018-09-22 00:43:26,254 WARN [br.com.bradesco.web.aq.application.alert.channel.file.impl.FileEmitterImpl] - [No such file or directory]
2018-09-22 00:43:28,314 INFO [br.com.bradesco.web.aq.application.log.impl.LogManagerImpl] - [Loaded LOG CATALOG from EXTERNAL Location [ '/suportedbdc_apl/ibsp/ibspaceitedigital/config/log4j-catalog.xml'].]
2018-09-22 00:43:28,354 WARN [br.com.bradesco.web.aq.application.alert.config.AlertCatalogImpl] - [Could not open ServletContext resource [/WEB-INF/classes/alert-catalog.xml]]
2018-09-22 00:43:28,377 WARN [br.com.bradesco.web.aq.application.alert.channel.file.impl.FileEmitterImpl] - [No such file or directory]
2018-09-22 01:18:45,567 INFO [br.com.bradesco.web.aq.application.log.impl.LogManagerImpl] - [Loaded LOG CATALOG from EXTERNAL Location [ '/suportedbdc_apl/ibsp/ibspaceitedigital/config/log4j-catalog.xml'].]
2018-09-22 01:18:45,602 WARN [br.com.bradesco.web.aq.application.alert.config.AlertCatalogImpl] - [Could not open ServletContext resource [/WEB-INF/classes/alert-catalog.xml]]
2018-09-22 01:18:45,619 WARN [br.com.bradesco.web.aq.application.alert.channel.file.impl.FileEmitterImpl] - [No such file or directory]
2018-09-22 01:18:48,676 INFO [br.com.bradesco.web.aq.application.log.impl.LogManagerImpl] - [Loaded LOG CATALOG from EXTERNAL Location [ '/suportedbdc_apl/ibsp/ibspaceitedigital/config/log4j-catalog.xml'].]
2018-09-22 01:18:48,710 WARN [br.com.bradesco.web.aq.application.alert.config.AlertCatalogImpl] - [Could not open ServletContext resource [/WEB-INF/classes/alert-catalog.xml]]
2018-09-22 01:18:48,727 WARN [br.com.bradesco.web.aq.application.alert.channel.file.impl.FileEmitterImpl] - [No such file or directory]
2018-09-22 09:41:01,790 INFO [br.com.bradesco.web.aq.view.filters.impl.BradescoFilterManager] - [Inicializando BradescoFilterManager]
2018-09-22 09:41:01,791 INFO [br.com.bradesco.web.aq.view.filters.impl.BradescoFilterManager] - [Finalizando a inicialização do objeto BradescoFilterManager]
2018-09-22 09:41:01,891 INFO [br.com.bradesco.web.aq.view.filters.session.BradescoRequestInterceptionFilter] - [Inicializando Bradesco Filter 'class br.com.bradesco.web.aq.view.filters.session.BradescoRequestInterceptionFilter']
2018-09-22 09:41:01,891 INFO [br.com.bradesco.web.aq.view.filters.object.BradescoDataContextInterceptionFilter] - [Inicializando Bradesco Filter 'class br.com.bradesco.web.aq.view.filters.object.BradescoDataContextInterceptionFilter']
2018-09-22 09:41:02,003 INFO [br.com.bradesco.web.aq.view.filters.impl.BradescoFilterImpl] - [Inicializando Bradesco Filter 'class br.com.bradesco.web.aq.view.filters.impl.BradescoFilterImpl']
2018-09-22 09:41:05,784 INFO [br.com.bradesco.web.aq.view.filters.session.BradescoRequestInterceptionFilter] - [Inicializando Bradesco Filter 'class br.com.bradesco.web.aq.view.filters.session.BradescoRequestInterceptionFilter']
2018-09-22 09:41:05,785 INFO [br.com.bradesco.web.aq.view.filters.object.BradescoDataContextInterceptionFilter] - [Inicializando Bradesco Filter 'class br.com.bradesco.web.aq.view.filters.object.BradescoDataContextInterceptionFilter']
2018-09-22 09:41:05,819 INFO [br.com.bradesco.web.aq.view.filters.impl.BradescoFilterImpl] - [Inicializando Bradesco Filter 'class br.com.bradesco.web.aq.view.filters.impl.BradescoFilterImpl']
2018-09-22 09:57:15,008 INFO [br.com.bradesco.web.aq.view.filters.session.BradescoRequestInterceptionFilter] - [Inicializando Bradesco Filter 'class br.com.bradesco.web.aq.view.filters.session.BradescoRequestInterceptionFilter']
2018-09-22 09:57:15,009 INFO [br.com.bradesco.web.aq.view.filters.object.BradescoDataContextInterceptionFilter] - [Inicializando Bradesco Filter 'class br.com.bradesco.web.aq.view.filters.object.BradescoDataContextInterceptionFilter']
2018-09-22 09:57:15,054 INFO [br.com.bradesco.web.aq.view.filters.impl.BradescoFilterImpl] - [Inicializando Bradesco Filter 'class br.com.bradesco.web.aq.view.filters.impl.BradescoFilterImpl']
2018-09-22 09:58:38,194 INFO [br.com.bradesco.web.aq.view.filters.session.BradescoRequestInterceptionFilter] - [Inicializando Bradesco Filter 'class br.com.bradesco.web.aq.view.filters.session.BradescoRequestInterceptionFilter']
2018-09-22 09:58:38,194 INFO [br.com.bradesco.web.aq.view.filters.object.BradescoDataContextInterceptionFilter] - [Inicializando Bradesco Filter 'class br.com.bradesco.web.aq.view.filters.object.BradescoDataContextInterceptionFilter']
2018-09-22 09:58:38,216 INFO [br.com.bradesco.web.aq.view.filters.impl.BradescoFilterImpl] - [Inicializando Bradesco Filter 'class br.com.bradesco.web.aq.view.filters.impl.BradescoFilterImpl']
2018-09-22 09:59:47,906 INFO [br.com.bradesco.web.aq.view.filters.session.BradescoRequestInterceptionFilter] - [Inicializando Bradesco Filter 'class br.com.bradesco.web.aq.view.filters.session.BradescoRequestInterceptionFilter']
2018-09-22 09:59:47,906 INFO [br.com.bradesco.web.aq.view.filters.object.BradescoDataContextInterceptionFilter] - [Inicializando Bradesco Filter 'class br.com.bradesco.web.aq.view.filters.object.BradescoDataContextInterceptionFilter']
2018-09-22 09:59:47,930 INFO [br.com.bradesco.web.aq.view.filters.impl.BradescoFilterImpl] - [Inicializando Bradesco Filter 'class br.com.bradesco.web.aq.view.filters.impl.BradescoFilterImpl']
2018-09-22 10:01:32,248 INFO [br.com.bradesco.web.aq.view.filters.session.BradescoRequestInterceptionFilter] - [Inicializando Bradesco Filter 'class br.com.bradesco.web.aq.view.filters.session.BradescoRequestInterceptionFilter']
2018-09-22 10:01:32,248 INFO [br.com.bradesco.web.aq.view.filters.object.BradescoDataContextInterceptionFilter] - [Inicializando Bradesco Filter 'class br.com.bradesco.web.aq.view.filters.object.BradescoDataContextInterceptionFilter']
2018-09-22 10:01:32,285 INFO [br.com.bradesco.web.aq.view.filters.impl.BradescoFilterImpl] - [Inicializando Bradesco Filter 'class br.com.bradesco.web.aq.view.filters.impl.BradescoFilterImpl']
2018-09-22 10:07:28,243 INFO [br.com.bradesco.web.aq.view.filters.session.BradescoRequestInterceptionFilter] - [Inicializando Bradesco Filter 'class br.com.bradesco.web.aq.view.filters.session.BradescoRequestInterceptionFilter']
2018-09-22 10:07:28,243 INFO [br.com.bradesco.web.aq.view.filters.object.BradescoDataContextInterceptionFilter] - [Inicializando Bradesco Filter 'class br.com.bradesco.web.aq.view.filters.object.BradescoDataContextInterceptionFilter']
2018-09-22 10:07:28,267 INFO [br.com.bradesco.web.aq.view.filters.impl.BradescoFilterImpl] - [Inicializando Bradesco Filter 'class br.com.bradesco.web.aq.view.filters.impl.BradescoFilterImpl']
