2018-09-22 00:25:12,433 WARN [br.com.bradesco.web.ib.application.error.config.IbExceptionCatalogImpl] - [Could not open ServletContext resource [/WEB-INF/classes/error-catalog.xml]]
2018-09-22 00:25:12,632 INFO [br.com.bradesco.web.ib.application.error.config.IbExceptionCatalogImpl] - [Método init executado com sucesso.]
2018-09-22 00:25:23,913 WARN [br.com.bradesco.web.ib.application.error.config.IbExceptionCatalogImpl] - [Could not open ServletContext resource [/WEB-INF/classes/error-catalog.xml]]
2018-09-22 00:25:24,079 INFO [br.com.bradesco.web.ib.application.error.config.IbExceptionCatalogImpl] - [Método init executado com sucesso.]
2018-09-22 00:26:51,148 WARN [br.com.bradesco.web.ib.application.error.config.IbExceptionCatalogImpl] - [Could not open ServletContext resource [/WEB-INF/classes/error-catalog.xml]]
2018-09-22 00:26:51,322 INFO [br.com.bradesco.web.ib.application.error.config.IbExceptionCatalogImpl] - [Método init executado com sucesso.]
2018-09-22 00:26:58,204 WARN [br.com.bradesco.web.ib.application.error.config.IbExceptionCatalogImpl] - [Could not open ServletContext resource [/WEB-INF/classes/error-catalog.xml]]
2018-09-22 00:26:58,409 INFO [br.com.bradesco.web.ib.application.error.config.IbExceptionCatalogImpl] - [Método init executado com sucesso.]
2018-09-22 00:43:26,343 WARN [br.com.bradesco.web.ib.application.error.config.IbExceptionCatalogImpl] - [Could not open ServletContext resource [/WEB-INF/classes/error-catalog.xml]]
2018-09-22 00:43:26,477 INFO [br.com.bradesco.web.ib.application.error.config.IbExceptionCatalogImpl] - [Método init executado com sucesso.]
2018-09-22 00:43:28,489 WARN [br.com.bradesco.web.ib.application.error.config.IbExceptionCatalogImpl] - [Could not open ServletContext resource [/WEB-INF/classes/error-catalog.xml]]
2018-09-22 00:43:28,658 INFO [br.com.bradesco.web.ib.application.error.config.IbExceptionCatalogImpl] - [Método init executado com sucesso.]
2018-09-22 01:18:45,708 WARN [br.com.bradesco.web.ib.application.error.config.IbExceptionCatalogImpl] - [Could not open ServletContext resource [/WEB-INF/classes/error-catalog.xml]]
2018-09-22 01:18:45,858 INFO [br.com.bradesco.web.ib.application.error.config.IbExceptionCatalogImpl] - [Método init executado com sucesso.]
2018-09-22 01:18:48,829 WARN [br.com.bradesco.web.ib.application.error.config.IbExceptionCatalogImpl] - [Could not open ServletContext resource [/WEB-INF/classes/error-catalog.xml]]
2018-09-22 01:18:48,989 INFO [br.com.bradesco.web.ib.application.error.config.IbExceptionCatalogImpl] - [Método init executado com sucesso.]
2018-09-22 09:41:01,891 INFO [br.com.bradesco.web.ibpf.service.provider.security.sessao.filter.SessionInterceptionFilter] - [Inicializando Bradesco Filter 'class br.com.bradesco.web.ibpf.service.provider.security.sessao.filter.SessionInterceptionFilter']
2018-09-22 09:41:03,009 INFO [br.com.bradesco.web.bvp.service.aceitedigital.impl.AceiteDigitalServiceImpl] - [inicio do metodo: consultarPropostas(PropostaDTO PropostaDTO)]
2018-09-22 09:41:03,023 INFO [br.com.bradesco.web.previdencia.service.data.commarea.termoaceite.ppra8750.impl.PPRA8750PDCAdapterImpl] - [CHAMADA MAINFRAME IN : <?xml version="1.0" encoding="UTF-8"?>
<PPRA8750In xmlns="PPRA8750In"><INP-AGENCIA xmlns="">468</INP-AGENCIA><INP-CONTA xmlns="">135350</INP-CONTA><INP-CPF xmlns="">33061360778</INP-CPF><INP-CANAL xmlns="">1</INP-CANAL><INP-RESTART xmlns="">0</INP-RESTART></PPRA8750In>]
2018-09-22 09:41:03,023 INFO [br.com.bradesco.web.ib.service.data.pdc.adapter.PrevidenciaPdcBaseAdapterPpra8750] - [IN PPRA8750: <?xml version="1.0" encoding="UTF-8"?>
<PPRA8750In xmlns="PPRA8750In"><INP-AGENCIA xmlns="">468</INP-AGENCIA><INP-CONTA xmlns="">135350</INP-CONTA><INP-CPF xmlns="">33061360778</INP-CPF><INP-CANAL xmlns="">1</INP-CANAL><INP-RESTART xmlns="">0</INP-RESTART></PPRA8750In>]
2018-09-22 09:41:03,575 INFO [br.com.bradesco.web.ib.service.data.pdc.adapter.PrevidenciaPdcBaseAdapterPpra8750] - [OUT PPRA8750: <PPRA8750Out>
  <OUT-AGENCIA>00468</OUT-AGENCIA>
  <OUT-CONTA>0000000135350</OUT-CONTA>
  <OUT-CPF>33061360778</OUT-CPF>
  <OUT-CANAL>1</OUT-CANAL>
  <OUT-RESTART-SAIDA>0000</OUT-RESTART-SAIDA>
  <OUT-SINAL-SQLCODE />
  <OUT-SQLCODE-SAIDA>000</OUT-SQLCODE-SAIDA>
  <OUT-LOCAL-SAIDA>00</OUT-LOCAL-SAIDA>
  <OUT-COD-RETORNO-SAIDA>0001</OUT-COD-RETORNO-SAIDA>
  <OUT-MENSAGEM-SAIDA>NENHUMA PROPOSTA PENDENTE DE VALIDACAO</OUT-MENSAGEM-SAIDA>
  <OUT-QTDE-OCORRENCIAS>00</OUT-QTDE-OCORRENCIAS>
  <OUT-FILLER3 />
</PPRA8750Out>]
2018-09-22 09:41:03,606 INFO [br.com.bradesco.web.bvp.service.aceitedigital.impl.AceiteDigitalServiceImpl] - [finalizando o metodo: consultarPropostas(CorrentistaDTO correntistaDTO)]
2018-09-22 09:41:05,785 INFO [br.com.bradesco.web.ibpf.service.provider.security.sessao.filter.SessionInterceptionFilter] - [Inicializando Bradesco Filter 'class br.com.bradesco.web.ibpf.service.provider.security.sessao.filter.SessionInterceptionFilter']
2018-09-22 09:41:05,836 INFO [br.com.bradesco.web.bvp.service.aceitedigital.impl.AceiteDigitalServiceImpl] - [inicio do metodo: consultarPropostas(PropostaDTO PropostaDTO)]
2018-09-22 09:41:05,844 INFO [br.com.bradesco.web.previdencia.service.data.commarea.termoaceite.ppra8750.impl.PPRA8750PDCAdapterImpl] - [CHAMADA MAINFRAME IN : <?xml version="1.0" encoding="UTF-8"?>
<PPRA8750In xmlns="PPRA8750In"><INP-AGENCIA xmlns="">468</INP-AGENCIA><INP-CONTA xmlns="">135350</INP-CONTA><INP-CPF xmlns="">33061360778</INP-CPF><INP-CANAL xmlns="">1</INP-CANAL><INP-RESTART xmlns="">0</INP-RESTART></PPRA8750In>]
2018-09-22 09:41:05,844 INFO [br.com.bradesco.web.ib.service.data.pdc.adapter.PrevidenciaPdcBaseAdapterPpra8750] - [IN PPRA8750: <?xml version="1.0" encoding="UTF-8"?>
<PPRA8750In xmlns="PPRA8750In"><INP-AGENCIA xmlns="">468</INP-AGENCIA><INP-CONTA xmlns="">135350</INP-CONTA><INP-CPF xmlns="">33061360778</INP-CPF><INP-CANAL xmlns="">1</INP-CANAL><INP-RESTART xmlns="">0</INP-RESTART></PPRA8750In>]
2018-09-22 09:41:06,004 INFO [br.com.bradesco.web.ib.service.data.pdc.adapter.PrevidenciaPdcBaseAdapterPpra8750] - [OUT PPRA8750: <PPRA8750Out>
  <OUT-AGENCIA>00468</OUT-AGENCIA>
  <OUT-CONTA>0000000135350</OUT-CONTA>
  <OUT-CPF>33061360778</OUT-CPF>
  <OUT-CANAL>1</OUT-CANAL>
  <OUT-RESTART-SAIDA>0000</OUT-RESTART-SAIDA>
  <OUT-SINAL-SQLCODE />
  <OUT-SQLCODE-SAIDA>000</OUT-SQLCODE-SAIDA>
  <OUT-LOCAL-SAIDA>00</OUT-LOCAL-SAIDA>
  <OUT-COD-RETORNO-SAIDA>0001</OUT-COD-RETORNO-SAIDA>
  <OUT-MENSAGEM-SAIDA>NENHUMA PROPOSTA PENDENTE DE VALIDACAO</OUT-MENSAGEM-SAIDA>
  <OUT-QTDE-OCORRENCIAS>00</OUT-QTDE-OCORRENCIAS>
  <OUT-FILLER3 />
</PPRA8750Out>]
2018-09-22 09:41:06,016 INFO [br.com.bradesco.web.bvp.service.aceitedigital.impl.AceiteDigitalServiceImpl] - [finalizando o metodo: consultarPropostas(CorrentistaDTO correntistaDTO)]
2018-09-22 09:57:15,009 INFO [br.com.bradesco.web.ibpf.service.provider.security.sessao.filter.SessionInterceptionFilter] - [Inicializando Bradesco Filter 'class br.com.bradesco.web.ibpf.service.provider.security.sessao.filter.SessionInterceptionFilter']
2018-09-22 09:57:15,371 INFO [br.com.bradesco.web.bvp.service.aceitedigital.impl.AceiteDigitalServiceImpl] - [inicio do metodo: consultarPropostas(PropostaDTO PropostaDTO)]
2018-09-22 09:57:15,381 INFO [br.com.bradesco.web.previdencia.service.data.commarea.termoaceite.ppra8750.impl.PPRA8750PDCAdapterImpl] - [CHAMADA MAINFRAME IN : <?xml version="1.0" encoding="UTF-8"?>
<PPRA8750In xmlns="PPRA8750In"><INP-AGENCIA xmlns="">2963</INP-AGENCIA><INP-CONTA xmlns="">565289</INP-CONTA><INP-CPF xmlns="">29047410890</INP-CPF><INP-CANAL xmlns="">1</INP-CANAL><INP-RESTART xmlns="">0</INP-RESTART></PPRA8750In>]
2018-09-22 09:57:15,381 INFO [br.com.bradesco.web.ib.service.data.pdc.adapter.PrevidenciaPdcBaseAdapterPpra8750] - [IN PPRA8750: <?xml version="1.0" encoding="UTF-8"?>
<PPRA8750In xmlns="PPRA8750In"><INP-AGENCIA xmlns="">2963</INP-AGENCIA><INP-CONTA xmlns="">565289</INP-CONTA><INP-CPF xmlns="">29047410890</INP-CPF><INP-CANAL xmlns="">1</INP-CANAL><INP-RESTART xmlns="">0</INP-RESTART></PPRA8750In>]
2018-09-22 09:57:15,556 INFO [br.com.bradesco.web.ib.service.data.pdc.adapter.PrevidenciaPdcBaseAdapterPpra8750] - [OUT PPRA8750: <PPRA8750Out>
  <OUT-AGENCIA>02963</OUT-AGENCIA>
  <OUT-CONTA>0000000565289</OUT-CONTA>
  <OUT-CPF>29047410890</OUT-CPF>
  <OUT-CANAL>1</OUT-CANAL>
  <OUT-RESTART-SAIDA>0000</OUT-RESTART-SAIDA>
  <OUT-SINAL-SQLCODE />
  <OUT-SQLCODE-SAIDA>000</OUT-SQLCODE-SAIDA>
  <OUT-LOCAL-SAIDA>00</OUT-LOCAL-SAIDA>
  <OUT-COD-RETORNO-SAIDA>0000</OUT-COD-RETORNO-SAIDA>
  <OUT-MENSAGEM-SAIDA>EXECUTADO COM SUCESSO</OUT-MENSAGEM-SAIDA>
  <OUT-QTDE-OCORRENCIAS>01</OUT-QTDE-OCORRENCIAS>
  <OUT-FILLER3 />
  <PPRA8750OcorrenciaOut>
    <OUT-CSERIE-PPSTA>055</OUT-CSERIE-PPSTA>
    <OUT-CPPSTA>0873392</OUT-CPPSTA>
    <OUT-NOME-PARTIC>FAUSI CARLOS ROSSI BATTINI DA SILVA</OUT-NOME-PARTIC>
    <OUT-TP-PPSTA>I</OUT-TP-PPSTA>
    <OUT-TP-PLANO>PGBL</OUT-TP-PLANO>
    <OUT-NOME-PLANO>BRADESCO PGBL RF08</OUT-NOME-PLANO>
    <OUT-IND-PROPOSTA-NOVA>S</OUT-IND-PROPOSTA-NOVA>
  </PPRA8750OcorrenciaOut>
</PPRA8750Out>]
2018-09-22 09:57:15,582 INFO [br.com.bradesco.web.bvp.service.aceitedigital.impl.AceiteDigitalServiceImpl] - [finalizando o metodo: consultarPropostas(CorrentistaDTO correntistaDTO)]
2018-09-22 09:58:38,194 INFO [br.com.bradesco.web.ibpf.service.provider.security.sessao.filter.SessionInterceptionFilter] - [Inicializando Bradesco Filter 'class br.com.bradesco.web.ibpf.service.provider.security.sessao.filter.SessionInterceptionFilter']
2018-09-22 09:58:38,449 INFO [br.com.bradesco.web.bvp.service.aceitedigital.impl.AceiteDigitalServiceImpl] - [inicio do metodo: consultar(PropostaDTO PropostaDTO)]
2018-09-22 09:58:38,464 INFO [br.com.bradesco.web.previdencia.service.data.commarea.termoaceite.ppra8751.impl.PPRA8751PDCAdapterImpl] - [CHAMADA MAINFRAME IN : <?xml version="1.0" encoding="UTF-8"?>
<PPRA8751In xmlns="PPRA8751In"><INP-CSERIE-PPSTA xmlns="">055</INP-CSERIE-PPSTA><INP-CPPSTA xmlns="">873392</INP-CPPSTA><INP-TP-PPSTA xmlns="">I</INP-TP-PPSTA><INP-RESTART xmlns:xsi="http://www.w3.org/2001/XMLSchema-instance" xsi:nil="true"/></PPRA8751In>]
2018-09-22 09:58:38,465 INFO [br.com.bradesco.web.ib.service.data.pdc.adapter.PrevidenciaPdcBaseAdapterPrra8751] - [IN PPRA8751: <?xml version="1.0" encoding="UTF-8"?>
<PPRA8751In xmlns="PPRA8751In"><INP-CSERIE-PPSTA xmlns="">055</INP-CSERIE-PPSTA><INP-CPPSTA xmlns="">873392</INP-CPPSTA><INP-TP-PPSTA xmlns="">I</INP-TP-PPSTA><INP-RESTART xmlns:xsi="http://www.w3.org/2001/XMLSchema-instance" xsi:nil="true"/></PPRA8751In>]
2018-09-22 09:58:38,777 INFO [br.com.bradesco.web.ib.service.data.pdc.adapter.PrevidenciaPdcBaseAdapterPrra8751] - [OUT PPRA8751: <PPRA8751Out>
  <OUT-CSERIE-PPSTA>055</OUT-CSERIE-PPSTA>
  <OUT-CPPSTA>0873392</OUT-CPPSTA>
  <OUT-TP-PPSTA>I</OUT-TP-PPSTA>
  <OUT-SINAL-SQLCODE />
  <OUT-SQLCODE-SAIDA>000</OUT-SQLCODE-SAIDA>
  <OUT-LOCAL-SAIDA>00</OUT-LOCAL-SAIDA>
  <OUT-COD-RETORNO-SAIDA>0000</OUT-COD-RETORNO-SAIDA>
  <OUT-MENSAGEM-SAIDA>EXECUTADO COM SUCESSO</OUT-MENSAGEM-SAIDA>
  <OUT-CSERIE-PPSTA-APORTE>000</OUT-CSERIE-PPSTA-APORTE>
  <OUT-CPPSTA-APORTE>0000000</OUT-CPPSTA-APORTE>
  <OUT-DATA-PROPOSTA>24.09.2018</OUT-DATA-PROPOSTA>
  <OUT-NOME-PARTICIPANTE>FAUSI CARLOS ROSSI BATTINI DA SILVA</OUT-NOME-PARTICIPANTE>
  <OUT-TP-PLANO>PGBL</OUT-TP-PLANO>
  <OUT-NOME-PLANO>BRADESCO PGBL RF08</OUT-NOME-PLANO>
  <OUT-PROCESSO-SUSEP>15414.002425/2011-20</OUT-PROCESSO-SUSEP>
  <OUT-COBERTURA>SOBREVIVENCIA</OUT-COBERTURA>
  <OUT-REGIME-TRIBUTARIO>PROGRESSIVO</OUT-REGIME-TRIBUTARIO>
  <OUT-NOME-FUNDO>BRADESCO PRIVATE FIC DE FI RENDA FIXA PG</OUT-NOME-FUNDO>
  <OUT-TX-ADM>00080</OUT-TX-ADM>
  <OUT-TP-CONTRIB>UNICA</OUT-TP-CONTRIB>
  <OUT-VLR-CONTRIB>000000000001000</OUT-VLR-CONTRIB>
  <OUT-VLR-CARREG-ENT>00000</OUT-VLR-CARREG-ENT>
  <OUT-FORMA-PGTO-CONTB>DÉBITO EM CONTA</OUT-FORMA-PGTO-CONTB>
  <OUT-CARREGAMENTO-SAIDA>S</OUT-CARREGAMENTO-SAIDA>
  <OUT-QTDE-OCORRENCIAS-RISCO>1</OUT-QTDE-OCORRENCIAS-RISCO>
  <OUT-FILLER3 />
  <PPRA8751OcorrenciaRiscoOut>
    <OUT-NOME-BENEF-RISCO>PGBL RF08</OUT-NOME-BENEF-RISCO>
    <OUT-PROCESSO-SUSEP-RISCO>15414.002425/2011-20</OUT-PROCESSO-SUSEP-RISCO>
    <OUT-TP-CONTRIB-RISCO>UNICA</OUT-TP-CONTRIB-RISCO>
    <OUT-VLR-CONTRIB-RISCO>000000000001000</OUT-VLR-CONTRIB-RISCO>
    <OUT-QTDE-OCORRENCIAS-BENFC>1</OUT-QTDE-OCORRENCIAS-BENFC>
    <OUT-NOME-BENEFICIARIO1>teste</OUT-NOME-BENEFICIARIO1>
    <OUT-SEXO1>M</OUT-SEXO1>
    <OUT-DT-NASCIMENTO1>12.10.2015</OUT-DT-NASCIMENTO1>
    <OUT-GRAU-PARENTESCO1>FILHO(A)</OUT-GRAU-PARENTESCO1>
    <OUT-PERC-BENEFICIO1>10000</OUT-PERC-BENEFICIO1>
    <OUT-NOME-BENEFICIARIO2 />
    <OUT-SEXO2 />
    <OUT-DT-NASCIMENTO2 />
    <OUT-GRAU-PARENTESCO2 />
    <OUT-PERC-BENEFICIO2>00000</OUT-PERC-BENEFICIO2>
    <OUT-NOME-BENEFICIARIO3 />
    <OUT-SEXO3 />
    <OUT-DT-NASCIMENTO3 />
    <OUT-GRAU-PARENTESCO3 />
    <OUT-PERC-BENEFICIO3>00000</OUT-PERC-BENEFICIO3>
    <OUT-NOME-BENEFICIARIO4 />
    <OUT-SEXO4 />
    <OUT-DT-NASCIMENTO4 />
    <OUT-GRAU-PARENTESCO4 />
    <OUT-PERC-BENEFICIO4>00000</OUT-PERC-BENEFICIO4>
    <OUT-NOME-BENEFICIARIO5 />
    <OUT-SEXO5 />
    <OUT-DT-NASCIMENTO5 />
    <OUT-GRAU-PARENTESCO5 />
    <OUT-PERC-BENEFICIO5>00000</OUT-PERC-BENEFICIO5>
  </PPRA8751OcorrenciaRiscoOut>
</PPRA8751Out>]
2018-09-22 09:58:38,846 INFO [br.com.bradesco.web.bvp.service.aceitedigital.impl.AceiteDigitalServiceImpl] - [finalizando o metodo: consultar(PropostaDTO propostaDTO)]
2018-09-22 09:59:47,906 INFO [br.com.bradesco.web.ibpf.service.provider.security.sessao.filter.SessionInterceptionFilter] - [Inicializando Bradesco Filter 'class br.com.bradesco.web.ibpf.service.provider.security.sessao.filter.SessionInterceptionFilter']
2018-09-22 09:59:48,041 INFO [br.com.bradesco.web.bvp.service.aceitedigital.impl.AceiteDigitalServiceImpl] - [inicio do metodo: consultar(PropostaDTO PropostaDTO)]
2018-09-22 09:59:48,049 INFO [br.com.bradesco.web.previdencia.service.data.commarea.termoaceite.ppra8751.impl.PPRA8751PDCAdapterImpl] - [CHAMADA MAINFRAME IN : <?xml version="1.0" encoding="UTF-8"?>
<PPRA8751In xmlns="PPRA8751In"><INP-CSERIE-PPSTA xmlns="">055</INP-CSERIE-PPSTA><INP-CPPSTA xmlns="">873392</INP-CPPSTA><INP-TP-PPSTA xmlns="">I</INP-TP-PPSTA><INP-RESTART xmlns:xsi="http://www.w3.org/2001/XMLSchema-instance" xsi:nil="true"/></PPRA8751In>]
2018-09-22 09:59:48,050 INFO [br.com.bradesco.web.ib.service.data.pdc.adapter.PrevidenciaPdcBaseAdapterPrra8751] - [IN PPRA8751: <?xml version="1.0" encoding="UTF-8"?>
<PPRA8751In xmlns="PPRA8751In"><INP-CSERIE-PPSTA xmlns="">055</INP-CSERIE-PPSTA><INP-CPPSTA xmlns="">873392</INP-CPPSTA><INP-TP-PPSTA xmlns="">I</INP-TP-PPSTA><INP-RESTART xmlns:xsi="http://www.w3.org/2001/XMLSchema-instance" xsi:nil="true"/></PPRA8751In>]
2018-09-22 09:59:48,253 INFO [br.com.bradesco.web.ib.service.data.pdc.adapter.PrevidenciaPdcBaseAdapterPrra8751] - [OUT PPRA8751: <PPRA8751Out>
  <OUT-CSERIE-PPSTA>055</OUT-CSERIE-PPSTA>
  <OUT-CPPSTA>0873392</OUT-CPPSTA>
  <OUT-TP-PPSTA>I</OUT-TP-PPSTA>
  <OUT-SINAL-SQLCODE />
  <OUT-SQLCODE-SAIDA>000</OUT-SQLCODE-SAIDA>
  <OUT-LOCAL-SAIDA>00</OUT-LOCAL-SAIDA>
  <OUT-COD-RETORNO-SAIDA>0000</OUT-COD-RETORNO-SAIDA>
  <OUT-MENSAGEM-SAIDA>EXECUTADO COM SUCESSO</OUT-MENSAGEM-SAIDA>
  <OUT-CSERIE-PPSTA-APORTE>000</OUT-CSERIE-PPSTA-APORTE>
  <OUT-CPPSTA-APORTE>0000000</OUT-CPPSTA-APORTE>
  <OUT-DATA-PROPOSTA>24.09.2018</OUT-DATA-PROPOSTA>
  <OUT-NOME-PARTICIPANTE>FAUSI CARLOS ROSSI BATTINI DA SILVA</OUT-NOME-PARTICIPANTE>
  <OUT-TP-PLANO>PGBL</OUT-TP-PLANO>
  <OUT-NOME-PLANO>BRADESCO PGBL RF08</OUT-NOME-PLANO>
  <OUT-PROCESSO-SUSEP>15414.002425/2011-20</OUT-PROCESSO-SUSEP>
  <OUT-COBERTURA>SOBREVIVENCIA</OUT-COBERTURA>
  <OUT-REGIME-TRIBUTARIO>PROGRESSIVO</OUT-REGIME-TRIBUTARIO>
  <OUT-NOME-FUNDO>BRADESCO PRIVATE FIC DE FI RENDA FIXA PG</OUT-NOME-FUNDO>
  <OUT-TX-ADM>00080</OUT-TX-ADM>
  <OUT-TP-CONTRIB>UNICA</OUT-TP-CONTRIB>
  <OUT-VLR-CONTRIB>000000000001000</OUT-VLR-CONTRIB>
  <OUT-VLR-CARREG-ENT>00000</OUT-VLR-CARREG-ENT>
  <OUT-FORMA-PGTO-CONTB>DÉBITO EM CONTA</OUT-FORMA-PGTO-CONTB>
  <OUT-CARREGAMENTO-SAIDA>S</OUT-CARREGAMENTO-SAIDA>
  <OUT-QTDE-OCORRENCIAS-RISCO>1</OUT-QTDE-OCORRENCIAS-RISCO>
  <OUT-FILLER3 />
  <PPRA8751OcorrenciaRiscoOut>
    <OUT-NOME-BENEF-RISCO>PGBL RF08</OUT-NOME-BENEF-RISCO>
    <OUT-PROCESSO-SUSEP-RISCO>15414.002425/2011-20</OUT-PROCESSO-SUSEP-RISCO>
    <OUT-TP-CONTRIB-RISCO>UNICA</OUT-TP-CONTRIB-RISCO>
    <OUT-VLR-CONTRIB-RISCO>000000000001000</OUT-VLR-CONTRIB-RISCO>
    <OUT-QTDE-OCORRENCIAS-BENFC>1</OUT-QTDE-OCORRENCIAS-BENFC>
    <OUT-NOME-BENEFICIARIO1>teste</OUT-NOME-BENEFICIARIO1>
    <OUT-SEXO1>M</OUT-SEXO1>
    <OUT-DT-NASCIMENTO1>12.10.2015</OUT-DT-NASCIMENTO1>
    <OUT-GRAU-PARENTESCO1>FILHO(A)</OUT-GRAU-PARENTESCO1>
    <OUT-PERC-BENEFICIO1>10000</OUT-PERC-BENEFICIO1>
    <OUT-NOME-BENEFICIARIO2 />
    <OUT-SEXO2 />
    <OUT-DT-NASCIMENTO2 />
    <OUT-GRAU-PARENTESCO2 />
    <OUT-PERC-BENEFICIO2>00000</OUT-PERC-BENEFICIO2>
    <OUT-NOME-BENEFICIARIO3 />
    <OUT-SEXO3 />
    <OUT-DT-NASCIMENTO3 />
    <OUT-GRAU-PARENTESCO3 />
    <OUT-PERC-BENEFICIO3>00000</OUT-PERC-BENEFICIO3>
    <OUT-NOME-BENEFICIARIO4 />
    <OUT-SEXO4 />
    <OUT-DT-NASCIMENTO4 />
    <OUT-GRAU-PARENTESCO4 />
    <OUT-PERC-BENEFICIO4>00000</OUT-PERC-BENEFICIO4>
    <OUT-NOME-BENEFICIARIO5 />
    <OUT-SEXO5 />
    <OUT-DT-NASCIMENTO5 />
    <OUT-GRAU-PARENTESCO5 />
    <OUT-PERC-BENEFICIO5>00000</OUT-PERC-BENEFICIO5>
  </PPRA8751OcorrenciaRiscoOut>
</PPRA8751Out>]
2018-09-22 09:59:48,268 INFO [br.com.bradesco.web.bvp.service.aceitedigital.impl.AceiteDigitalServiceImpl] - [finalizando o metodo: consultar(PropostaDTO propostaDTO)]
2018-09-22 09:59:48,399 INFO [br.com.bradesco.web.bvp.service.aceitedigital.impl.AceiteDigitalServiceImpl] - [inicio do metodo: efetivar(PropostaDTO propostaDTO)]
2018-09-22 09:59:48,415 INFO [br.com.bradesco.web.previdencia.service.data.commarea.termoaceite.ppra8755.impl.PPRA8755PDCAdapterImpl] - [CHAMADA MAINFRAME IN : <?xml version="1.0" encoding="UTF-8"?>
<PPRA8755In xmlns="PPRA8755In"><INP-CSERIE-PPSTA xmlns="">055</INP-CSERIE-PPSTA><INP-CPPSTA xmlns="">873392</INP-CPPSTA><INP-TP-PPSTA xmlns="">I</INP-TP-PPSTA><INP-TP-MANUT xmlns="">1</INP-TP-MANUT><INP-CANAL xmlns="">1</INP-CANAL></PPRA8755In>]
2018-09-22 09:59:48,415 INFO [br.com.bradesco.web.ib.service.data.pdc.adapter.PrevidenciaPdcBaseAdapterPpra8755] - [IN PPRA8755: <?xml version="1.0" encoding="UTF-8"?>
<PPRA8755In xmlns="PPRA8755In"><INP-CSERIE-PPSTA xmlns="">055</INP-CSERIE-PPSTA><INP-CPPSTA xmlns="">873392</INP-CPPSTA><INP-TP-PPSTA xmlns="">I</INP-TP-PPSTA><INP-TP-MANUT xmlns="">1</INP-TP-MANUT><INP-CANAL xmlns="">1</INP-CANAL></PPRA8755In>]
2018-09-22 09:59:48,634 INFO [br.com.bradesco.web.ib.service.data.pdc.adapter.PrevidenciaPdcBaseAdapterPpra8755] - [OUT PPRA8755: <PPRA8755Out>
  <OUT-CSERIE-PPSTA>055</OUT-CSERIE-PPSTA>
  <OUT-CPPSTA>0873392</OUT-CPPSTA>
  <OUT-TP-PPSTA>I</OUT-TP-PPSTA>
  <OUT-SINAL-SQLCODE />
  <OUT-SQLCODE-SAIDA>000</OUT-SQLCODE-SAIDA>
  <OUT-LOCAL-SAIDA>00</OUT-LOCAL-SAIDA>
  <OUT-COD-RETORNO-SAIDA>0000</OUT-COD-RETORNO-SAIDA>
  <OUT-MENSAGEM-SAIDA>PROPOSTA FINALIZADA COM SUCESSO</OUT-MENSAGEM-SAIDA>
  <OUT-DATA-EFETIVACAO>24.09.2018</OUT-DATA-EFETIVACAO>
  <OUT-FILLER3 />
</PPRA8755Out>]
2018-09-22 09:59:48,654 INFO [br.com.bradesco.web.bvp.service.aceitedigital.impl.AceiteDigitalServiceImpl] - [finalizando o metodo: efetivar(PropostaDTO propostaDTO)]
2018-09-22 09:59:48,661 INFO [br.com.bradesco.web.bvp.service.aceitedigital.bean.AceiteDigitalBean] - [AceiteDigital gerarProtocolo(PropostaDTO p) inserido]
2018-09-22 09:59:48,661 INFO [br.com.bradesco.web.bvp.service.aceitedigital.bean.AceiteDigitalBean] - [AceiteDigital gravarDadosAceiteDigital(PropostaDTO p) inserido]
2018-09-22 10:01:32,249 INFO [br.com.bradesco.web.ibpf.service.provider.security.sessao.filter.SessionInterceptionFilter] - [Inicializando Bradesco Filter 'class br.com.bradesco.web.ibpf.service.provider.security.sessao.filter.SessionInterceptionFilter']
2018-09-22 10:01:32,302 INFO [br.com.bradesco.web.bvp.service.aceitedigital.impl.AceiteDigitalServiceImpl] - [inicio do metodo: consultarPropostas(PropostaDTO PropostaDTO)]
2018-09-22 10:01:32,310 INFO [br.com.bradesco.web.previdencia.service.data.commarea.termoaceite.ppra8750.impl.PPRA8750PDCAdapterImpl] - [CHAMADA MAINFRAME IN : <?xml version="1.0" encoding="UTF-8"?>
<PPRA8750In xmlns="PPRA8750In"><INP-AGENCIA xmlns="">2963</INP-AGENCIA><INP-CONTA xmlns="">565289</INP-CONTA><INP-CPF xmlns="">29047410890</INP-CPF><INP-CANAL xmlns="">1</INP-CANAL><INP-RESTART xmlns="">0</INP-RESTART></PPRA8750In>]
2018-09-22 10:01:32,311 INFO [br.com.bradesco.web.ib.service.data.pdc.adapter.PrevidenciaPdcBaseAdapterPpra8750] - [IN PPRA8750: <?xml version="1.0" encoding="UTF-8"?>
<PPRA8750In xmlns="PPRA8750In"><INP-AGENCIA xmlns="">2963</INP-AGENCIA><INP-CONTA xmlns="">565289</INP-CONTA><INP-CPF xmlns="">29047410890</INP-CPF><INP-CANAL xmlns="">1</INP-CANAL><INP-RESTART xmlns="">0</INP-RESTART></PPRA8750In>]
2018-09-22 10:01:32,466 INFO [br.com.bradesco.web.ib.service.data.pdc.adapter.PrevidenciaPdcBaseAdapterPpra8750] - [OUT PPRA8750: <PPRA8750Out>
  <OUT-AGENCIA>02963</OUT-AGENCIA>
  <OUT-CONTA>0000000565289</OUT-CONTA>
  <OUT-CPF>29047410890</OUT-CPF>
  <OUT-CANAL>1</OUT-CANAL>
  <OUT-RESTART-SAIDA>0000</OUT-RESTART-SAIDA>
  <OUT-SINAL-SQLCODE />
  <OUT-SQLCODE-SAIDA>000</OUT-SQLCODE-SAIDA>
  <OUT-LOCAL-SAIDA>00</OUT-LOCAL-SAIDA>
  <OUT-COD-RETORNO-SAIDA>0001</OUT-COD-RETORNO-SAIDA>
  <OUT-MENSAGEM-SAIDA>NENHUMA PROPOSTA PENDENTE DE VALIDACAO</OUT-MENSAGEM-SAIDA>
  <OUT-QTDE-OCORRENCIAS>00</OUT-QTDE-OCORRENCIAS>
  <OUT-FILLER3 />
</PPRA8750Out>]
2018-09-22 10:01:32,477 INFO [br.com.bradesco.web.bvp.service.aceitedigital.impl.AceiteDigitalServiceImpl] - [finalizando o metodo: consultarPropostas(CorrentistaDTO correntistaDTO)]
2018-09-22 10:07:28,243 INFO [br.com.bradesco.web.ibpf.service.provider.security.sessao.filter.SessionInterceptionFilter] - [Inicializando Bradesco Filter 'class br.com.bradesco.web.ibpf.service.provider.security.sessao.filter.SessionInterceptionFilter']
2018-09-22 10:07:28,576 INFO [br.com.bradesco.web.bvp.service.aceitedigital.impl.AceiteDigitalServiceImpl] - [inicio do metodo: consultarPropostas(PropostaDTO PropostaDTO)]
2018-09-22 10:07:28,585 INFO [br.com.bradesco.web.previdencia.service.data.commarea.termoaceite.ppra8750.impl.PPRA8750PDCAdapterImpl] - [CHAMADA MAINFRAME IN : <?xml version="1.0" encoding="UTF-8"?>
<PPRA8750In xmlns="PPRA8750In"><INP-AGENCIA xmlns="">1759</INP-AGENCIA><INP-CONTA xmlns="">2019</INP-CONTA><INP-CPF xmlns="">6650210544</INP-CPF><INP-CANAL xmlns="">1</INP-CANAL><INP-RESTART xmlns="">0</INP-RESTART></PPRA8750In>]
2018-09-22 10:07:28,585 INFO [br.com.bradesco.web.ib.service.data.pdc.adapter.PrevidenciaPdcBaseAdapterPpra8750] - [IN PPRA8750: <?xml version="1.0" encoding="UTF-8"?>
<PPRA8750In xmlns="PPRA8750In"><INP-AGENCIA xmlns="">1759</INP-AGENCIA><INP-CONTA xmlns="">2019</INP-CONTA><INP-CPF xmlns="">6650210544</INP-CPF><INP-CANAL xmlns="">1</INP-CANAL><INP-RESTART xmlns="">0</INP-RESTART></PPRA8750In>]
2018-09-22 10:07:28,773 INFO [br.com.bradesco.web.ib.service.data.pdc.adapter.PrevidenciaPdcBaseAdapterPpra8750] - [OUT PPRA8750: <PPRA8750Out>
  <OUT-AGENCIA>01759</OUT-AGENCIA>
  <OUT-CONTA>0000000002019</OUT-CONTA>
  <OUT-CPF>06650210544</OUT-CPF>
  <OUT-CANAL>1</OUT-CANAL>
  <OUT-RESTART-SAIDA>0000</OUT-RESTART-SAIDA>
  <OUT-SINAL-SQLCODE />
  <OUT-SQLCODE-SAIDA>000</OUT-SQLCODE-SAIDA>
  <OUT-LOCAL-SAIDA>00</OUT-LOCAL-SAIDA>
  <OUT-COD-RETORNO-SAIDA>0001</OUT-COD-RETORNO-SAIDA>
  <OUT-MENSAGEM-SAIDA>NENHUMA PROPOSTA PENDENTE DE VALIDACAO</OUT-MENSAGEM-SAIDA>
  <OUT-QTDE-OCORRENCIAS>00</OUT-QTDE-OCORRENCIAS>
  <OUT-FILLER3 />
</PPRA8750Out>]
2018-09-22 10:07:28,784 INFO [br.com.bradesco.web.bvp.service.aceitedigital.impl.AceiteDigitalServiceImpl] - [finalizando o metodo: consultarPropostas(CorrentistaDTO correntistaDTO)]
