2018-09-22 00:03:12,877 INFO [br.com.bradesco.web.aq.view.filters.session.BradescoRequestInterceptionFilter] - [Inicializando Bradesco Filter 'class br.com.bradesco.web.aq.view.filters.session.BradescoRequestInterceptionFilter']
2018-09-22 00:03:12,880 INFO [br.com.bradesco.web.aq.view.filters.object.BradescoDataContextInterceptionFilter] - [Inicializando Bradesco Filter 'class br.com.bradesco.web.aq.view.filters.object.BradescoDataContextInterceptionFilter']
2018-09-22 00:03:12,926 INFO [br.com.bradesco.web.aq.view.filters.impl.BradescoFilterImpl] - [Inicializando Bradesco Filter 'class br.com.bradesco.web.aq.view.filters.impl.BradescoFilterImpl']
2018-09-22 00:25:19,236 INFO [br.com.bradesco.web.aq.application.log.impl.LogManagerImpl] - [Loaded LOG CATALOG from EXTERNAL Location [ '/suportedbdc_apl/ibsp/ibspaceitedigital/config/log4j-catalog.xml'].]
2018-09-22 00:25:19,272 WARN [br.com.bradesco.web.aq.application.alert.config.AlertCatalogImpl] - [Could not open ServletContext resource [/WEB-INF/classes/alert-catalog.xml]]
2018-09-22 00:25:19,286 WARN [br.com.bradesco.web.aq.application.alert.channel.file.impl.FileEmitterImpl] - [No such file or directory]
2018-09-22 00:25:31,521 INFO [br.com.bradesco.web.aq.application.log.impl.LogManagerImpl] - [Loaded LOG CATALOG from EXTERNAL Location [ '/suportedbdc_apl/ibsp/ibspaceitedigital/config/log4j-catalog.xml'].]
2018-09-22 00:25:31,550 WARN [br.com.bradesco.web.aq.application.alert.config.AlertCatalogImpl] - [Could not open ServletContext resource [/WEB-INF/classes/alert-catalog.xml]]
2018-09-22 00:25:31,564 WARN [br.com.bradesco.web.aq.application.alert.channel.file.impl.FileEmitterImpl] - [No such file or directory]
2018-09-22 00:26:45,424 INFO [br.com.bradesco.web.aq.application.log.impl.LogManagerImpl] - [Loaded LOG CATALOG from EXTERNAL Location [ '/suportedbdc_apl/ibsp/ibspaceitedigital/config/log4j-catalog.xml'].]
2018-09-22 00:26:45,471 WARN [br.com.bradesco.web.aq.application.alert.config.AlertCatalogImpl] - [Could not open ServletContext resource [/WEB-INF/classes/alert-catalog.xml]]
2018-09-22 00:26:45,498 WARN [br.com.bradesco.web.aq.application.alert.channel.file.impl.FileEmitterImpl] - [No such file or directory]
2018-09-22 00:26:49,380 INFO [br.com.bradesco.web.aq.application.log.impl.LogManagerImpl] - [Loaded LOG CATALOG from EXTERNAL Location [ '/suportedbdc_apl/ibsp/ibspaceitedigital/config/log4j-catalog.xml'].]
2018-09-22 00:26:49,427 WARN [br.com.bradesco.web.aq.application.alert.config.AlertCatalogImpl] - [Could not open ServletContext resource [/WEB-INF/classes/alert-catalog.xml]]
2018-09-22 00:26:49,461 WARN [br.com.bradesco.web.aq.application.alert.channel.file.impl.FileEmitterImpl] - [No such file or directory]
2018-09-22 00:48:40,440 INFO [br.com.bradesco.web.aq.application.log.impl.LogManagerImpl] - [Loaded LOG CATALOG from EXTERNAL Location [ '/suportedbdc_apl/ibsp/ibspaceitedigital/config/log4j-catalog.xml'].]
2018-09-22 00:48:40,470 WARN [br.com.bradesco.web.aq.application.alert.config.AlertCatalogImpl] - [Could not open ServletContext resource [/WEB-INF/classes/alert-catalog.xml]]
2018-09-22 00:48:40,484 WARN [br.com.bradesco.web.aq.application.alert.channel.file.impl.FileEmitterImpl] - [No such file or directory]
2018-09-22 00:48:48,910 INFO [br.com.bradesco.web.aq.application.log.impl.LogManagerImpl] - [Loaded LOG CATALOG from EXTERNAL Location [ '/suportedbdc_apl/ibsp/ibspaceitedigital/config/log4j-catalog.xml'].]
2018-09-22 00:48:48,952 WARN [br.com.bradesco.web.aq.application.alert.config.AlertCatalogImpl] - [Could not open ServletContext resource [/WEB-INF/classes/alert-catalog.xml]]
2018-09-22 00:48:48,971 WARN [br.com.bradesco.web.aq.application.alert.channel.file.impl.FileEmitterImpl] - [No such file or directory]
2018-09-22 01:18:39,211 INFO [br.com.bradesco.web.aq.application.log.impl.LogManagerImpl] - [Loaded LOG CATALOG from EXTERNAL Location [ '/suportedbdc_apl/ibsp/ibspaceitedigital/config/log4j-catalog.xml'].]
2018-09-22 01:18:39,244 WARN [br.com.bradesco.web.aq.application.alert.config.AlertCatalogImpl] - [Could not open ServletContext resource [/WEB-INF/classes/alert-catalog.xml]]
2018-09-22 01:18:39,261 WARN [br.com.bradesco.web.aq.application.alert.channel.file.impl.FileEmitterImpl] - [No such file or directory]
2018-09-22 01:18:57,097 INFO [br.com.bradesco.web.aq.application.log.impl.LogManagerImpl] - [Loaded LOG CATALOG from EXTERNAL Location [ '/suportedbdc_apl/ibsp/ibspaceitedigital/config/log4j-catalog.xml'].]
2018-09-22 01:18:57,129 WARN [br.com.bradesco.web.aq.application.alert.config.AlertCatalogImpl] - [Could not open ServletContext resource [/WEB-INF/classes/alert-catalog.xml]]
2018-09-22 01:18:57,144 WARN [br.com.bradesco.web.aq.application.alert.channel.file.impl.FileEmitterImpl] - [No such file or directory]
2018-09-22 01:21:30,474 INFO [br.com.bradesco.web.aq.view.filters.impl.BradescoFilterManager] - [Inicializando BradescoFilterManager]
2018-09-22 01:21:30,475 INFO [br.com.bradesco.web.aq.view.filters.impl.BradescoFilterManager] - [Finalizando a inicialização do objeto BradescoFilterManager]
2018-09-22 01:21:30,643 INFO [br.com.bradesco.web.aq.view.filters.session.BradescoRequestInterceptionFilter] - [Inicializando Bradesco Filter 'class br.com.bradesco.web.aq.view.filters.session.BradescoRequestInterceptionFilter']
2018-09-22 01:21:30,643 INFO [br.com.bradesco.web.aq.view.filters.object.BradescoDataContextInterceptionFilter] - [Inicializando Bradesco Filter 'class br.com.bradesco.web.aq.view.filters.object.BradescoDataContextInterceptionFilter']
2018-09-22 01:21:30,932 INFO [br.com.bradesco.web.aq.view.filters.impl.BradescoFilterImpl] - [Inicializando Bradesco Filter 'class br.com.bradesco.web.aq.view.filters.impl.BradescoFilterImpl']
2018-09-22 07:23:12,159 INFO [br.com.bradesco.web.aq.view.filters.session.BradescoRequestInterceptionFilter] - [Inicializando Bradesco Filter 'class br.com.bradesco.web.aq.view.filters.session.BradescoRequestInterceptionFilter']
2018-09-22 07:23:12,160 INFO [br.com.bradesco.web.aq.view.filters.object.BradescoDataContextInterceptionFilter] - [Inicializando Bradesco Filter 'class br.com.bradesco.web.aq.view.filters.object.BradescoDataContextInterceptionFilter']
2018-09-22 07:23:12,202 INFO [br.com.bradesco.web.aq.view.filters.impl.BradescoFilterImpl] - [Inicializando Bradesco Filter 'class br.com.bradesco.web.aq.view.filters.impl.BradescoFilterImpl']
2018-09-22 08:38:15,751 INFO [br.com.bradesco.web.aq.view.filters.session.BradescoRequestInterceptionFilter] - [Inicializando Bradesco Filter 'class br.com.bradesco.web.aq.view.filters.session.BradescoRequestInterceptionFilter']
2018-09-22 08:38:15,751 INFO [br.com.bradesco.web.aq.view.filters.object.BradescoDataContextInterceptionFilter] - [Inicializando Bradesco Filter 'class br.com.bradesco.web.aq.view.filters.object.BradescoDataContextInterceptionFilter']
2018-09-22 08:38:15,775 INFO [br.com.bradesco.web.aq.view.filters.impl.BradescoFilterImpl] - [Inicializando Bradesco Filter 'class br.com.bradesco.web.aq.view.filters.impl.BradescoFilterImpl']
2018-09-22 09:03:17,689 INFO [br.com.bradesco.web.aq.view.filters.impl.BradescoFilterManager] - [Inicializando BradescoFilterManager]
2018-09-22 09:03:17,690 INFO [br.com.bradesco.web.aq.view.filters.impl.BradescoFilterManager] - [Finalizando a inicialização do objeto BradescoFilterManager]
2018-09-22 09:03:17,867 INFO [br.com.bradesco.web.aq.view.filters.session.BradescoRequestInterceptionFilter] - [Inicializando Bradesco Filter 'class br.com.bradesco.web.aq.view.filters.session.BradescoRequestInterceptionFilter']
2018-09-22 09:03:17,867 INFO [br.com.bradesco.web.aq.view.filters.object.BradescoDataContextInterceptionFilter] - [Inicializando Bradesco Filter 'class br.com.bradesco.web.aq.view.filters.object.BradescoDataContextInterceptionFilter']
2018-09-22 09:03:18,038 INFO [br.com.bradesco.web.aq.view.filters.impl.BradescoFilterImpl] - [Inicializando Bradesco Filter 'class br.com.bradesco.web.aq.view.filters.impl.BradescoFilterImpl']
2018-09-22 09:03:48,171 INFO [br.com.bradesco.web.aq.view.filters.session.BradescoRequestInterceptionFilter] - [Inicializando Bradesco Filter 'class br.com.bradesco.web.aq.view.filters.session.BradescoRequestInterceptionFilter']
2018-09-22 09:03:48,172 INFO [br.com.bradesco.web.aq.view.filters.object.BradescoDataContextInterceptionFilter] - [Inicializando Bradesco Filter 'class br.com.bradesco.web.aq.view.filters.object.BradescoDataContextInterceptionFilter']
2018-09-22 09:03:48,193 INFO [br.com.bradesco.web.aq.view.filters.impl.BradescoFilterImpl] - [Inicializando Bradesco Filter 'class br.com.bradesco.web.aq.view.filters.impl.BradescoFilterImpl']
2018-09-22 09:05:18,835 INFO [br.com.bradesco.web.aq.view.filters.session.BradescoRequestInterceptionFilter] - [Inicializando Bradesco Filter 'class br.com.bradesco.web.aq.view.filters.session.BradescoRequestInterceptionFilter']
2018-09-22 09:05:18,835 INFO [br.com.bradesco.web.aq.view.filters.object.BradescoDataContextInterceptionFilter] - [Inicializando Bradesco Filter 'class br.com.bradesco.web.aq.view.filters.object.BradescoDataContextInterceptionFilter']
2018-09-22 09:05:18,860 INFO [br.com.bradesco.web.aq.view.filters.impl.BradescoFilterImpl] - [Inicializando Bradesco Filter 'class br.com.bradesco.web.aq.view.filters.impl.BradescoFilterImpl']
2018-09-22 09:30:01,466 INFO [br.com.bradesco.web.aq.view.filters.session.BradescoRequestInterceptionFilter] - [Inicializando Bradesco Filter 'class br.com.bradesco.web.aq.view.filters.session.BradescoRequestInterceptionFilter']
2018-09-22 09:30:01,466 INFO [br.com.bradesco.web.aq.view.filters.object.BradescoDataContextInterceptionFilter] - [Inicializando Bradesco Filter 'class br.com.bradesco.web.aq.view.filters.object.BradescoDataContextInterceptionFilter']
2018-09-22 09:30:01,489 INFO [br.com.bradesco.web.aq.view.filters.impl.BradescoFilterImpl] - [Inicializando Bradesco Filter 'class br.com.bradesco.web.aq.view.filters.impl.BradescoFilterImpl']
2018-09-22 09:51:25,368 INFO [br.com.bradesco.web.aq.view.filters.session.BradescoRequestInterceptionFilter] - [Inicializando Bradesco Filter 'class br.com.bradesco.web.aq.view.filters.session.BradescoRequestInterceptionFilter']
2018-09-22 09:51:25,368 INFO [br.com.bradesco.web.aq.view.filters.object.BradescoDataContextInterceptionFilter] - [Inicializando Bradesco Filter 'class br.com.bradesco.web.aq.view.filters.object.BradescoDataContextInterceptionFilter']
2018-09-22 09:51:25,384 INFO [br.com.bradesco.web.aq.view.filters.impl.BradescoFilterImpl] - [Inicializando Bradesco Filter 'class br.com.bradesco.web.aq.view.filters.impl.BradescoFilterImpl']
2018-09-22 09:53:58,142 INFO [br.com.bradesco.web.aq.view.filters.session.BradescoRequestInterceptionFilter] - [Inicializando Bradesco Filter 'class br.com.bradesco.web.aq.view.filters.session.BradescoRequestInterceptionFilter']
2018-09-22 09:53:58,143 INFO [br.com.bradesco.web.aq.view.filters.object.BradescoDataContextInterceptionFilter] - [Inicializando Bradesco Filter 'class br.com.bradesco.web.aq.view.filters.object.BradescoDataContextInterceptionFilter']
2018-09-22 09:53:58,146 WARN [br.com.bradesco.web.aq.application.security.impl.SecurityManagerImpl] - [Não foi possível eliminar a sessão do PDC, não existe o 'pdcConnector' configurado para este gestor. ]
2018-09-22 09:53:58,215 INFO [br.com.bradesco.web.aq.view.filters.impl.BradescoFilterImpl] - [Inicializando Bradesco Filter 'class br.com.bradesco.web.aq.view.filters.impl.BradescoFilterImpl']
2018-09-22 09:54:04,698 INFO [br.com.bradesco.web.aq.view.filters.session.BradescoRequestInterceptionFilter] - [Inicializando Bradesco Filter 'class br.com.bradesco.web.aq.view.filters.session.BradescoRequestInterceptionFilter']
2018-09-22 09:54:04,698 INFO [br.com.bradesco.web.aq.view.filters.object.BradescoDataContextInterceptionFilter] - [Inicializando Bradesco Filter 'class br.com.bradesco.web.aq.view.filters.object.BradescoDataContextInterceptionFilter']
2018-09-22 09:54:04,729 INFO [br.com.bradesco.web.aq.view.filters.impl.BradescoFilterImpl] - [Inicializando Bradesco Filter 'class br.com.bradesco.web.aq.view.filters.impl.BradescoFilterImpl']
2018-09-22 09:54:17,309 INFO [br.com.bradesco.web.aq.view.filters.session.BradescoRequestInterceptionFilter] - [Inicializando Bradesco Filter 'class br.com.bradesco.web.aq.view.filters.session.BradescoRequestInterceptionFilter']
2018-09-22 09:54:17,314 INFO [br.com.bradesco.web.aq.view.filters.object.BradescoDataContextInterceptionFilter] - [Inicializando Bradesco Filter 'class br.com.bradesco.web.aq.view.filters.object.BradescoDataContextInterceptionFilter']
2018-09-22 09:54:17,343 INFO [br.com.bradesco.web.aq.view.filters.impl.BradescoFilterImpl] - [Inicializando Bradesco Filter 'class br.com.bradesco.web.aq.view.filters.impl.BradescoFilterImpl']
2018-09-22 10:31:34,128 INFO [br.com.bradesco.web.aq.view.filters.session.BradescoRequestInterceptionFilter] - [Inicializando Bradesco Filter 'class br.com.bradesco.web.aq.view.filters.session.BradescoRequestInterceptionFilter']
2018-09-22 10:31:34,129 INFO [br.com.bradesco.web.aq.view.filters.object.BradescoDataContextInterceptionFilter] - [Inicializando Bradesco Filter 'class br.com.bradesco.web.aq.view.filters.object.BradescoDataContextInterceptionFilter']
2018-09-22 10:31:34,171 INFO [br.com.bradesco.web.aq.view.filters.impl.BradescoFilterImpl] - [Inicializando Bradesco Filter 'class br.com.bradesco.web.aq.view.filters.impl.BradescoFilterImpl']
