2018-09-22 00:03:12,880 INFO [br.com.bradesco.web.ibpf.service.provider.security.sessao.filter.SessionInterceptionFilter] - [Inicializando Bradesco Filter 'class br.com.bradesco.web.ibpf.service.provider.security.sessao.filter.SessionInterceptionFilter']
2018-09-22 00:03:13,175 INFO [br.com.bradesco.web.bvp.service.aceitedigital.impl.AceiteDigitalServiceImpl] - [inicio do metodo: consultarPropostas(PropostaDTO PropostaDTO)]
2018-09-22 00:03:13,183 INFO [br.com.bradesco.web.previdencia.service.data.commarea.termoaceite.ppra8750.impl.PPRA8750PDCAdapterImpl] - [CHAMADA MAINFRAME IN : <?xml version="1.0" encoding="UTF-8"?>
<PPRA8750In xmlns="PPRA8750In"><INP-AGENCIA xmlns="">2031</INP-AGENCIA><INP-CONTA xmlns="">541702</INP-CONTA><INP-CPF xmlns="">1818859988</INP-CPF><INP-CANAL xmlns="">1</INP-CANAL><INP-RESTART xmlns="">0</INP-RESTART></PPRA8750In>]
2018-09-22 00:03:13,184 INFO [br.com.bradesco.web.ib.service.data.pdc.adapter.PrevidenciaPdcBaseAdapterPpra8750] - [IN PPRA8750: <?xml version="1.0" encoding="UTF-8"?>
<PPRA8750In xmlns="PPRA8750In"><INP-AGENCIA xmlns="">2031</INP-AGENCIA><INP-CONTA xmlns="">541702</INP-CONTA><INP-CPF xmlns="">1818859988</INP-CPF><INP-CANAL xmlns="">1</INP-CANAL><INP-RESTART xmlns="">0</INP-RESTART></PPRA8750In>]
2018-09-22 00:03:13,329 INFO [br.com.bradesco.web.ib.service.data.pdc.adapter.PrevidenciaPdcBaseAdapterPpra8750] - [OUT PPRA8750: <PPRA8750Out>
  <OUT-AGENCIA>02031</OUT-AGENCIA>
  <OUT-CONTA>0000000541702</OUT-CONTA>
  <OUT-CPF>01818859988</OUT-CPF>
  <OUT-CANAL>1</OUT-CANAL>
  <OUT-RESTART-SAIDA>0000</OUT-RESTART-SAIDA>
  <OUT-SINAL-SQLCODE />
  <OUT-SQLCODE-SAIDA>000</OUT-SQLCODE-SAIDA>
  <OUT-LOCAL-SAIDA>00</OUT-LOCAL-SAIDA>
  <OUT-COD-RETORNO-SAIDA>0001</OUT-COD-RETORNO-SAIDA>
  <OUT-MENSAGEM-SAIDA>NENHUMA PROPOSTA PENDENTE DE VALIDACAO</OUT-MENSAGEM-SAIDA>
  <OUT-QTDE-OCORRENCIAS>00</OUT-QTDE-OCORRENCIAS>
  <OUT-FILLER3 />
</PPRA8750Out>]
2018-09-22 00:03:13,340 INFO [br.com.bradesco.web.bvp.service.aceitedigital.impl.AceiteDigitalServiceImpl] - [finalizando o metodo: consultarPropostas(CorrentistaDTO correntistaDTO)]
2018-09-22 00:25:19,400 WARN [br.com.bradesco.web.ib.application.error.config.IbExceptionCatalogImpl] - [Could not open ServletContext resource [/WEB-INF/classes/error-catalog.xml]]
2018-09-22 00:25:19,612 INFO [br.com.bradesco.web.ib.application.error.config.IbExceptionCatalogImpl] - [Método init executado com sucesso.]
2018-09-22 00:25:31,701 WARN [br.com.bradesco.web.ib.application.error.config.IbExceptionCatalogImpl] - [Could not open ServletContext resource [/WEB-INF/classes/error-catalog.xml]]
2018-09-22 00:25:31,875 INFO [br.com.bradesco.web.ib.application.error.config.IbExceptionCatalogImpl] - [Método init executado com sucesso.]
2018-09-22 00:26:45,653 WARN [br.com.bradesco.web.ib.application.error.config.IbExceptionCatalogImpl] - [Could not open ServletContext resource [/WEB-INF/classes/error-catalog.xml]]
2018-09-22 00:26:45,888 INFO [br.com.bradesco.web.ib.application.error.config.IbExceptionCatalogImpl] - [Método init executado com sucesso.]
2018-09-22 00:26:49,605 WARN [br.com.bradesco.web.ib.application.error.config.IbExceptionCatalogImpl] - [Could not open ServletContext resource [/WEB-INF/classes/error-catalog.xml]]
2018-09-22 00:26:49,817 INFO [br.com.bradesco.web.ib.application.error.config.IbExceptionCatalogImpl] - [Método init executado com sucesso.]
2018-09-22 00:48:40,575 WARN [br.com.bradesco.web.ib.application.error.config.IbExceptionCatalogImpl] - [Could not open ServletContext resource [/WEB-INF/classes/error-catalog.xml]]
2018-09-22 00:48:40,723 INFO [br.com.bradesco.web.ib.application.error.config.IbExceptionCatalogImpl] - [Método init executado com sucesso.]
2018-09-22 00:48:49,103 WARN [br.com.bradesco.web.ib.application.error.config.IbExceptionCatalogImpl] - [Could not open ServletContext resource [/WEB-INF/classes/error-catalog.xml]]
2018-09-22 00:48:49,350 INFO [br.com.bradesco.web.ib.application.error.config.IbExceptionCatalogImpl] - [Método init executado com sucesso.]
2018-09-22 01:18:39,367 WARN [br.com.bradesco.web.ib.application.error.config.IbExceptionCatalogImpl] - [Could not open ServletContext resource [/WEB-INF/classes/error-catalog.xml]]
2018-09-22 01:18:39,553 INFO [br.com.bradesco.web.ib.application.error.config.IbExceptionCatalogImpl] - [Método init executado com sucesso.]
2018-09-22 01:18:57,245 WARN [br.com.bradesco.web.ib.application.error.config.IbExceptionCatalogImpl] - [Could not open ServletContext resource [/WEB-INF/classes/error-catalog.xml]]
2018-09-22 01:18:57,397 INFO [br.com.bradesco.web.ib.application.error.config.IbExceptionCatalogImpl] - [Método init executado com sucesso.]
2018-09-22 01:21:30,644 INFO [br.com.bradesco.web.ibpf.service.provider.security.sessao.filter.SessionInterceptionFilter] - [Inicializando Bradesco Filter 'class br.com.bradesco.web.ibpf.service.provider.security.sessao.filter.SessionInterceptionFilter']
2018-09-22 01:21:32,081 INFO [br.com.bradesco.web.bvp.service.aceitedigital.impl.AceiteDigitalServiceImpl] - [inicio do metodo: consultarPropostas(PropostaDTO PropostaDTO)]
2018-09-22 01:21:32,096 INFO [br.com.bradesco.web.previdencia.service.data.commarea.termoaceite.ppra8750.impl.PPRA8750PDCAdapterImpl] - [CHAMADA MAINFRAME IN : <?xml version="1.0" encoding="UTF-8"?>
<PPRA8750In xmlns="PPRA8750In"><INP-AGENCIA xmlns="">277</INP-AGENCIA><INP-CONTA xmlns="">2183</INP-CONTA><INP-CPF xmlns="">31915040876</INP-CPF><INP-CANAL xmlns="">1</INP-CANAL><INP-RESTART xmlns="">0</INP-RESTART></PPRA8750In>]
2018-09-22 01:21:32,097 INFO [br.com.bradesco.web.ib.service.data.pdc.adapter.PrevidenciaPdcBaseAdapterPpra8750] - [IN PPRA8750: <?xml version="1.0" encoding="UTF-8"?>
<PPRA8750In xmlns="PPRA8750In"><INP-AGENCIA xmlns="">277</INP-AGENCIA><INP-CONTA xmlns="">2183</INP-CONTA><INP-CPF xmlns="">31915040876</INP-CPF><INP-CANAL xmlns="">1</INP-CANAL><INP-RESTART xmlns="">0</INP-RESTART></PPRA8750In>]
2018-09-22 01:21:33,748 INFO [br.com.bradesco.web.ib.service.data.pdc.adapter.PrevidenciaPdcBaseAdapterPpra8750] - [OUT PPRA8750: <PPRA8750Out>
  <OUT-AGENCIA>00277</OUT-AGENCIA>
  <OUT-CONTA>0000000002183</OUT-CONTA>
  <OUT-CPF>31915040876</OUT-CPF>
  <OUT-CANAL>1</OUT-CANAL>
  <OUT-RESTART-SAIDA>0000</OUT-RESTART-SAIDA>
  <OUT-SINAL-SQLCODE />
  <OUT-SQLCODE-SAIDA>000</OUT-SQLCODE-SAIDA>
  <OUT-LOCAL-SAIDA>00</OUT-LOCAL-SAIDA>
  <OUT-COD-RETORNO-SAIDA>0001</OUT-COD-RETORNO-SAIDA>
  <OUT-MENSAGEM-SAIDA>NENHUMA PROPOSTA PENDENTE DE VALIDACAO</OUT-MENSAGEM-SAIDA>
  <OUT-QTDE-OCORRENCIAS>00</OUT-QTDE-OCORRENCIAS>
  <OUT-FILLER3 />
</PPRA8750Out>]
2018-09-22 01:21:33,773 INFO [br.com.bradesco.web.bvp.service.aceitedigital.impl.AceiteDigitalServiceImpl] - [finalizando o metodo: consultarPropostas(CorrentistaDTO correntistaDTO)]
2018-09-22 07:23:12,160 INFO [br.com.bradesco.web.ibpf.service.provider.security.sessao.filter.SessionInterceptionFilter] - [Inicializando Bradesco Filter 'class br.com.bradesco.web.ibpf.service.provider.security.sessao.filter.SessionInterceptionFilter']
2018-09-22 07:23:12,462 INFO [br.com.bradesco.web.bvp.service.aceitedigital.impl.AceiteDigitalServiceImpl] - [inicio do metodo: consultarPropostas(PropostaDTO PropostaDTO)]
2018-09-22 07:23:12,471 INFO [br.com.bradesco.web.previdencia.service.data.commarea.termoaceite.ppra8750.impl.PPRA8750PDCAdapterImpl] - [CHAMADA MAINFRAME IN : <?xml version="1.0" encoding="UTF-8"?>
<PPRA8750In xmlns="PPRA8750In"><INP-AGENCIA xmlns="">1043</INP-AGENCIA><INP-CONTA xmlns="">49753</INP-CONTA><INP-CPF xmlns="">3482156989</INP-CPF><INP-CANAL xmlns="">1</INP-CANAL><INP-RESTART xmlns="">0</INP-RESTART></PPRA8750In>]
2018-09-22 07:23:12,471 INFO [br.com.bradesco.web.ib.service.data.pdc.adapter.PrevidenciaPdcBaseAdapterPpra8750] - [IN PPRA8750: <?xml version="1.0" encoding="UTF-8"?>
<PPRA8750In xmlns="PPRA8750In"><INP-AGENCIA xmlns="">1043</INP-AGENCIA><INP-CONTA xmlns="">49753</INP-CONTA><INP-CPF xmlns="">3482156989</INP-CPF><INP-CANAL xmlns="">1</INP-CANAL><INP-RESTART xmlns="">0</INP-RESTART></PPRA8750In>]
2018-09-22 07:23:12,657 INFO [br.com.bradesco.web.ib.service.data.pdc.adapter.PrevidenciaPdcBaseAdapterPpra8750] - [OUT PPRA8750: <PPRA8750Out>
  <OUT-AGENCIA>01043</OUT-AGENCIA>
  <OUT-CONTA>0000000049753</OUT-CONTA>
  <OUT-CPF>03482156989</OUT-CPF>
  <OUT-CANAL>1</OUT-CANAL>
  <OUT-RESTART-SAIDA>0000</OUT-RESTART-SAIDA>
  <OUT-SINAL-SQLCODE />
  <OUT-SQLCODE-SAIDA>000</OUT-SQLCODE-SAIDA>
  <OUT-LOCAL-SAIDA>00</OUT-LOCAL-SAIDA>
  <OUT-COD-RETORNO-SAIDA>0001</OUT-COD-RETORNO-SAIDA>
  <OUT-MENSAGEM-SAIDA>NENHUMA PROPOSTA PENDENTE DE VALIDACAO</OUT-MENSAGEM-SAIDA>
  <OUT-QTDE-OCORRENCIAS>00</OUT-QTDE-OCORRENCIAS>
  <OUT-FILLER3 />
</PPRA8750Out>]
2018-09-22 07:23:12,668 INFO [br.com.bradesco.web.bvp.service.aceitedigital.impl.AceiteDigitalServiceImpl] - [finalizando o metodo: consultarPropostas(CorrentistaDTO correntistaDTO)]
2018-09-22 08:38:15,751 INFO [br.com.bradesco.web.ibpf.service.provider.security.sessao.filter.SessionInterceptionFilter] - [Inicializando Bradesco Filter 'class br.com.bradesco.web.ibpf.service.provider.security.sessao.filter.SessionInterceptionFilter']
2018-09-22 08:38:16,030 INFO [br.com.bradesco.web.bvp.service.aceitedigital.impl.AceiteDigitalServiceImpl] - [inicio do metodo: consultarPropostas(PropostaDTO PropostaDTO)]
2018-09-22 08:38:16,042 INFO [br.com.bradesco.web.previdencia.service.data.commarea.termoaceite.ppra8750.impl.PPRA8750PDCAdapterImpl] - [CHAMADA MAINFRAME IN : <?xml version="1.0" encoding="UTF-8"?>
<PPRA8750In xmlns="PPRA8750In"><INP-AGENCIA xmlns="">6875</INP-AGENCIA><INP-CONTA xmlns="">2916</INP-CONTA><INP-CPF xmlns="">940101674</INP-CPF><INP-CANAL xmlns="">1</INP-CANAL><INP-RESTART xmlns="">0</INP-RESTART></PPRA8750In>]
2018-09-22 08:38:16,043 INFO [br.com.bradesco.web.ib.service.data.pdc.adapter.PrevidenciaPdcBaseAdapterPpra8750] - [IN PPRA8750: <?xml version="1.0" encoding="UTF-8"?>
<PPRA8750In xmlns="PPRA8750In"><INP-AGENCIA xmlns="">6875</INP-AGENCIA><INP-CONTA xmlns="">2916</INP-CONTA><INP-CPF xmlns="">940101674</INP-CPF><INP-CANAL xmlns="">1</INP-CANAL><INP-RESTART xmlns="">0</INP-RESTART></PPRA8750In>]
2018-09-22 08:38:16,253 INFO [br.com.bradesco.web.ib.service.data.pdc.adapter.PrevidenciaPdcBaseAdapterPpra8750] - [OUT PPRA8750: <PPRA8750Out>
  <OUT-AGENCIA>06875</OUT-AGENCIA>
  <OUT-CONTA>0000000002916</OUT-CONTA>
  <OUT-CPF>00940101674</OUT-CPF>
  <OUT-CANAL>1</OUT-CANAL>
  <OUT-RESTART-SAIDA>0000</OUT-RESTART-SAIDA>
  <OUT-SINAL-SQLCODE />
  <OUT-SQLCODE-SAIDA>000</OUT-SQLCODE-SAIDA>
  <OUT-LOCAL-SAIDA>00</OUT-LOCAL-SAIDA>
  <OUT-COD-RETORNO-SAIDA>0001</OUT-COD-RETORNO-SAIDA>
  <OUT-MENSAGEM-SAIDA>NENHUMA PROPOSTA PENDENTE DE VALIDACAO</OUT-MENSAGEM-SAIDA>
  <OUT-QTDE-OCORRENCIAS>00</OUT-QTDE-OCORRENCIAS>
  <OUT-FILLER3 />
</PPRA8750Out>]
2018-09-22 08:38:16,265 INFO [br.com.bradesco.web.bvp.service.aceitedigital.impl.AceiteDigitalServiceImpl] - [finalizando o metodo: consultarPropostas(CorrentistaDTO correntistaDTO)]
2018-09-22 09:03:17,868 INFO [br.com.bradesco.web.ibpf.service.provider.security.sessao.filter.SessionInterceptionFilter] - [Inicializando Bradesco Filter 'class br.com.bradesco.web.ibpf.service.provider.security.sessao.filter.SessionInterceptionFilter']
2018-09-22 09:03:19,429 INFO [br.com.bradesco.web.bvp.service.aceitedigital.impl.AceiteDigitalServiceImpl] - [inicio do metodo: consultarPropostas(PropostaDTO PropostaDTO)]
2018-09-22 09:03:19,444 INFO [br.com.bradesco.web.previdencia.service.data.commarea.termoaceite.ppra8750.impl.PPRA8750PDCAdapterImpl] - [CHAMADA MAINFRAME IN : <?xml version="1.0" encoding="UTF-8"?>
<PPRA8750In xmlns="PPRA8750In"><INP-AGENCIA xmlns="">870</INP-AGENCIA><INP-CONTA xmlns="">243474</INP-CONTA><INP-CPF xmlns="">9640039888</INP-CPF><INP-CANAL xmlns="">1</INP-CANAL><INP-RESTART xmlns="">0</INP-RESTART></PPRA8750In>]
2018-09-22 09:03:19,444 INFO [br.com.bradesco.web.ib.service.data.pdc.adapter.PrevidenciaPdcBaseAdapterPpra8750] - [IN PPRA8750: <?xml version="1.0" encoding="UTF-8"?>
<PPRA8750In xmlns="PPRA8750In"><INP-AGENCIA xmlns="">870</INP-AGENCIA><INP-CONTA xmlns="">243474</INP-CONTA><INP-CPF xmlns="">9640039888</INP-CPF><INP-CANAL xmlns="">1</INP-CANAL><INP-RESTART xmlns="">0</INP-RESTART></PPRA8750In>]
2018-09-22 09:03:20,038 INFO [br.com.bradesco.web.ib.service.data.pdc.adapter.PrevidenciaPdcBaseAdapterPpra8750] - [OUT PPRA8750: <PPRA8750Out>
  <OUT-AGENCIA>00870</OUT-AGENCIA>
  <OUT-CONTA>0000000243474</OUT-CONTA>
  <OUT-CPF>09640039888</OUT-CPF>
  <OUT-CANAL>1</OUT-CANAL>
  <OUT-RESTART-SAIDA>0000</OUT-RESTART-SAIDA>
  <OUT-SINAL-SQLCODE />
  <OUT-SQLCODE-SAIDA>000</OUT-SQLCODE-SAIDA>
  <OUT-LOCAL-SAIDA>00</OUT-LOCAL-SAIDA>
  <OUT-COD-RETORNO-SAIDA>0000</OUT-COD-RETORNO-SAIDA>
  <OUT-MENSAGEM-SAIDA>EXECUTADO COM SUCESSO</OUT-MENSAGEM-SAIDA>
  <OUT-QTDE-OCORRENCIAS>01</OUT-QTDE-OCORRENCIAS>
  <OUT-FILLER3 />
  <PPRA8750OcorrenciaOut>
    <OUT-CSERIE-PPSTA>055</OUT-CSERIE-PPSTA>
    <OUT-CPPSTA>0873390</OUT-CPPSTA>
    <OUT-NOME-PARTIC>REGINALDO HERREIRA FERRAZ</OUT-NOME-PARTIC>
    <OUT-TP-PPSTA>T</OUT-TP-PPSTA>
    <OUT-TP-PLANO>VGBL</OUT-TP-PLANO>
    <OUT-NOME-PLANO>VGBL BRADESCO PORTFOLIO MULTIESTRATEGIA</OUT-NOME-PLANO>
    <OUT-IND-PROPOSTA-NOVA>S</OUT-IND-PROPOSTA-NOVA>
  </PPRA8750OcorrenciaOut>
</PPRA8750Out>]
2018-09-22 09:03:20,082 INFO [br.com.bradesco.web.bvp.service.aceitedigital.impl.AceiteDigitalServiceImpl] - [finalizando o metodo: consultarPropostas(CorrentistaDTO correntistaDTO)]
2018-09-22 09:03:48,172 INFO [br.com.bradesco.web.ibpf.service.provider.security.sessao.filter.SessionInterceptionFilter] - [Inicializando Bradesco Filter 'class br.com.bradesco.web.ibpf.service.provider.security.sessao.filter.SessionInterceptionFilter']
2018-09-22 09:03:48,305 INFO [br.com.bradesco.web.bvp.service.aceitedigital.impl.AceiteDigitalServiceImpl] - [inicio do metodo: consultarTransferencia(PropostaDTO propostaDTO)]
2018-09-22 09:03:48,327 INFO [br.com.bradesco.web.previdencia.service.data.commarea.termoaceite.ppra8752.PPRA8752PDCAdapterImpl] - [CHAMADA MAINFRAME IN : <?xml version="1.0" encoding="UTF-8"?>
<PPRA8752In xmlns="PPRA8752In"><INP-CSERIE-PPSTA xmlns="">55</INP-CSERIE-PPSTA><INP-CPPSTA xmlns="">873390</INP-CPPSTA></PPRA8752In>]
2018-09-22 09:03:48,327 INFO [br.com.bradesco.web.ib.service.data.pdc.adapter.PrevidenciaPdcBaseAdapterPrra8752] - [IN PPRA8752: <?xml version="1.0" encoding="UTF-8"?>
<PPRA8752In xmlns="PPRA8752In"><INP-CSERIE-PPSTA xmlns="">55</INP-CSERIE-PPSTA><INP-CPPSTA xmlns="">873390</INP-CPPSTA></PPRA8752In>]
2018-09-22 09:03:48,503 INFO [br.com.bradesco.web.ib.service.data.pdc.adapter.PrevidenciaPdcBaseAdapterPrra8752] - [OUT PPRA8752: <PPRA8752Out>
  <OUT-SINAL-SQLCODE />
  <OUT-SQLCODE-SAIDA>000</OUT-SQLCODE-SAIDA>
  <OUT-LOCAL-SAIDA>00</OUT-LOCAL-SAIDA>
  <OUT-COD-RETORNO-SAIDA>0000</OUT-COD-RETORNO-SAIDA>
  <OUT-MENSAGEM-SAIDA>EXECUTADO COM SUCESSO</OUT-MENSAGEM-SAIDA>
  <OUT-CSERIE-PPSTA-DESTINO>055</OUT-CSERIE-PPSTA-DESTINO>
  <OUT-CPPSTA-DESTINO>0873390</OUT-CPPSTA-DESTINO>
  <OUT-TP-PLANO-DESTINO>VGBL</OUT-TP-PLANO-DESTINO>
  <OUT-NOME-PLANO-DESTINO>VGBL BRADESCO PORTFOLIO MULTIESTRATEGIA</OUT-NOME-PLANO-DESTINO>
  <OUT-TX-ADM-DESTINO>00100</OUT-TX-ADM-DESTINO>
  <OUT-REGIME-TRIBUTARIO-DESTINO>REGRESSIVO</OUT-REGIME-TRIBUTARIO-DESTINO>
  <OUT-INDICE-CORRECAO-DESTINO>IPCA</OUT-INDICE-CORRECAO-DESTINO>
  <OUT-BASE-TECNICA-DESTINO>TABUA BR</OUT-BASE-TECNICA-DESTINO>
  <OUT-PROCESSO-SUSEP-DEST>15414.900679/2018-81</OUT-PROCESSO-SUSEP-DEST>
  <OUT-QUANTIDADE-DE-OCORRENCIAS>001</OUT-QUANTIDADE-DE-OCORRENCIAS>
  <PPRA8752OcorrenciaOut>
    <OUT-CSERIE-PPSTA-ORIG>055</OUT-CSERIE-PPSTA-ORIG>
    <OUT-CPPSTA-ORIG>0821423</OUT-CPPSTA-ORIG>
    <OUT-PROCESSO-SUSEP-ORIG>15414.900943/2013-72</OUT-PROCESSO-SUSEP-ORIG>
    <OUT-TP-PLANO-ORIG>VGBL</OUT-TP-PLANO-ORIG>
    <OUT-NOME-PLANO-ORIG>SOBMEDIDA VGBL RF24</OUT-NOME-PLANO-ORIG>
    <OUT-TX-ADM-ORIG>00240</OUT-TX-ADM-ORIG>
    <OUT-REGIME-TRIBUTARIO-ORIG>PROGRESSIVO</OUT-REGIME-TRIBUTARIO-ORIG>
    <OUT-TIPO-TRANSFERENCIA-ORIG>TOTAL</OUT-TIPO-TRANSFERENCIA-ORIG>
    <OUT-VALOR-TRANSFERENCIA-ORIG>000000000005011</OUT-VALOR-TRANSFERENCIA-ORIG>
    <OUT-INDICE-CORRECAO-ORIG>IPCA</OUT-INDICE-CORRECAO-ORIG>
    <OUT-BASE-TECNICA-ORIG>TABUA BR</OUT-BASE-TECNICA-ORIG>
    <OUT-DATA-TRANSFERENCIA-ORIG>24.09.2018</OUT-DATA-TRANSFERENCIA-ORIG>
  </PPRA8752OcorrenciaOut>
</PPRA8752Out>]
2018-09-22 09:03:48,593 INFO [br.com.bradesco.web.bvp.service.aceitedigital.impl.AceiteDigitalServiceImpl] - [consultarTransferencia(PropostaDTO propostaDTO)]
2018-09-22 09:05:18,836 INFO [br.com.bradesco.web.ibpf.service.provider.security.sessao.filter.SessionInterceptionFilter] - [Inicializando Bradesco Filter 'class br.com.bradesco.web.ibpf.service.provider.security.sessao.filter.SessionInterceptionFilter']
2018-09-22 09:05:18,976 INFO [br.com.bradesco.web.bvp.service.aceitedigital.impl.AceiteDigitalServiceImpl] - [inicio do metodo: efetivacaoTransferencia(TransferenciaDTO param)]
2018-09-22 09:05:19,332 ERROR [br.com.bradesco.web.bvp.service.aceitedigital.bean.dao.AceiteDigitalSQLDAO] - [java.sql.SQLException: [IBM][SQLServer JDBC Driver][SQLServer]Procedure or function 'InsTransferenciaInterna' expects parameter '@seriePropostaDestino', which was not supplied.]
2018-09-22 09:05:19,366 ERROR [br.com.bradesco.web.bvp.service.aceitedigital.bean.TransferenciaInternaBean] - []
br.com.bradesco.web.aq.application.error.BradescoApplicationException: [IBM][SQLServer JDBC Driver][SQLServer]Procedure or function 'InsTransferenciaInterna' expects parameter '@seriePropostaDestino', which was not supplied.
	at br.com.bradesco.web.bvp.service.aceitedigital.impl.AceiteDigitalServiceImpl.efetivacaoTransferencia(AceiteDigitalServiceImpl.java:326)
	at br.com.bradesco.web.bvp.service.aceitedigital.bean.TransferenciaInternaBean.confirmarTransferencia(TransferenciaInternaBean.java:115)
	at sun.reflect.NativeMethodAccessorImpl.invoke0(Native Method)
	at sun.reflect.NativeMethodAccessorImpl.invoke(NativeMethodAccessorImpl.java:39)
	at sun.reflect.DelegatingMethodAccessorImpl.invoke(DelegatingMethodAccessorImpl.java:25)
	at java.lang.reflect.Method.invoke(Method.java:592)
	at org.apache.myfaces.el.MethodBindingImpl.invoke(MethodBindingImpl.java:129)
	at org.apache.myfaces.application.ActionListenerImpl.processAction(ActionListenerImpl.java:63)
	at javax.faces.component.UICommand.broadcast(UICommand.java:106)
	at org.ajax4jsf.component.AjaxViewRoot.processEvents(AjaxViewRoot.java:184)
	at org.ajax4jsf.component.AjaxViewRoot.broadcastEvents(AjaxViewRoot.java:162)
	at org.ajax4jsf.component.AjaxViewRoot.processApplication(AjaxViewRoot.java:350)
	at br.com.bradesco.web.aq.view.lifecycle.BradescoLifecycleImpl.invokeApplication(BradescoLifecycleImpl.java:449)
	at br.com.bradesco.web.aq.view.lifecycle.BradescoLifecycleImpl.executeLifeCycle(BradescoLifecycleImpl.java:121)
	at br.com.bradesco.web.aq.view.lifecycle.BradescoLifecycleImpl.execute(BradescoLifecycleImpl.java:87)
	at javax.faces.webapp.FacesServlet.service(FacesServlet.java:106)
	at com.ibm.ws.webcontainer.servlet.ServletWrapper.service(ServletWrapper.java:1213)
	at com.ibm.ws.webcontainer.servlet.ServletWrapper.service(ServletWrapper.java:1154)
	at com.ibm.ws.webcontainer.filter.WebAppFilterChain.doFilter(WebAppFilterChain.java:145)
	at org.ajax4jsf.webapp.BaseXMLFilter.doXmlFilter(BaseXMLFilter.java:141)
	at org.ajax4jsf.webapp.BaseFilter.doFilter(BaseFilter.java:281)
	at com.ibm.ws.webcontainer.filter.FilterInstanceWrapper.doFilter(FilterInstanceWrapper.java:190)
	at com.ibm.ws.webcontainer.filter.WebAppFilterChain.doFilter(WebAppFilterChain.java:130)
	at br.com.bradesco.web.aq.view.filters.impl.BradescoFilterManager.doFilter(BradescoFilterManager.java:179)
	at org.springframework.web.filter.DelegatingFilterProxy.invokeDelegate(DelegatingFilterProxy.java:183)
	at org.springframework.web.filter.DelegatingFilterProxy.doFilter(DelegatingFilterProxy.java:138)
	at com.ibm.ws.webcontainer.filter.FilterInstanceWrapper.doFilter(FilterInstanceWrapper.java:190)
	at com.ibm.ws.webcontainer.filter.WebAppFilterChain.doFilter(WebAppFilterChain.java:130)
	at br.com.bradesco.web.ib.view.components.app.UICript.filter.DecryptFilter.doFilter(DecryptFilter.java:54)
	at org.springframework.web.filter.DelegatingFilterProxy.invokeDelegate(DelegatingFilterProxy.java:183)
	at org.springframework.web.filter.DelegatingFilterProxy.doFilter(DelegatingFilterProxy.java:138)
	at com.ibm.ws.webcontainer.filter.FilterInstanceWrapper.doFilter(FilterInstanceWrapper.java:190)
	at com.ibm.ws.webcontainer.filter.WebAppFilterChain.doFilter(WebAppFilterChain.java:130)
	at org.springframework.security.util.FilterChainProxy$VirtualFilterChain.doFilter(FilterChainProxy.java:378)
	at org.springframework.security.intercept.web.FilterSecurityInterceptor.invoke(FilterSecurityInterceptor.java:109)
	at org.springframework.security.intercept.web.FilterSecurityInterceptor.doFilter(FilterSecurityInterceptor.java:83)
	at br.com.bradesco.web.ibpf.service.provider.security.sessao.filter.SessionFilterSecurityInterceptor.doFilter(SessionFilterSecurityInterceptor.java:81)
	at org.springframework.security.util.FilterChainProxy$VirtualFilterChain.doFilter(FilterChainProxy.java:390)
	at br.com.bradesco.web.ibpf.service.provider.security.sessao.check.filter.SessionCheckProcessingFilter.doFilter(SessionCheckProcessingFilter.java:171)
	at org.springframework.security.util.FilterChainProxy$VirtualFilterChain.doFilter(FilterChainProxy.java:390)
	at org.springframework.security.wrapper.SecurityContextHolderAwareRequestFilter.doFilterHttp(SecurityContextHolderAwareRequestFilter.java:91)
	at org.springframework.security.ui.SpringSecurityFilter.doFilter(SpringSecurityFilter.java:53)
	at org.springframework.security.util.FilterChainProxy$VirtualFilterChain.doFilter(FilterChainProxy.java:390)
	at br.com.bradesco.web.aq.view.filters.impl.BradescoFilterManager.doFilter(BradescoFilterManager.java:179)
	at org.springframework.security.util.FilterChainProxy$VirtualFilterChain.doFilter(FilterChainProxy.java:390)
	at org.springframework.security.context.HttpSessionContextIntegrationFilter.doFilterHttp(HttpSessionContextIntegrationFilter.java:235)
	at org.springframework.security.ui.SpringSecurityFilter.doFilter(SpringSecurityFilter.java:53)
	at org.springframework.security.util.FilterChainProxy$VirtualFilterChain.doFilter(FilterChainProxy.java:390)
	at org.springframework.security.util.FilterChainProxy.doFilter(FilterChainProxy.java:175)
	at org.springframework.security.util.FilterToBeanProxy.doFilter(FilterToBeanProxy.java:99)
	at com.ibm.ws.webcontainer.filter.FilterInstanceWrapper.doFilter(FilterInstanceWrapper.java:190)
	at com.ibm.ws.webcontainer.filter.WebAppFilterChain.doFilter(WebAppFilterChain.java:130)
	at org.apache.myfaces.component.html.util.ExtensionsFilter.doFilter(ExtensionsFilter.java:122)
	at com.ibm.ws.webcontainer.filter.FilterInstanceWrapper.doFilter(FilterInstanceWrapper.java:190)
	at com.ibm.ws.webcontainer.filter.WebAppFilterChain.doFilter(WebAppFilterChain.java:130)
	at br.com.bradesco.web.ib.view.util.taglib.CommonsServiceFilter.doFilter(CommonsServiceFilter.java:91)
	at org.springframework.web.filter.DelegatingFilterProxy.invokeDelegate(DelegatingFilterProxy.java:183)
	at org.springframework.web.filter.DelegatingFilterProxy.doFilter(DelegatingFilterProxy.java:138)
	at com.ibm.ws.webcontainer.filter.FilterInstanceWrapper.doFilter(FilterInstanceWrapper.java:190)
	at com.ibm.ws.webcontainer.filter.WebAppFilterChain.doFilter(WebAppFilterChain.java:130)
	at com.ibm.ws.webcontainer.filter.WebAppFilterChain._doFilter(WebAppFilterChain.java:87)
	at com.ibm.ws.webcontainer.filter.WebAppFilterManager.doFilter(WebAppFilterManager.java:848)
	at com.ibm.ws.webcontainer.filter.WebAppFilterManager.doFilter(WebAppFilterManager.java:691)
	at com.ibm.ws.webcontainer.servlet.ServletWrapper.handleRequest(ServletWrapper.java:654)
	at com.ibm.ws.wswebcontainer.servlet.ServletWrapper.handleRequest(ServletWrapper.java:526)
	at com.ibm.ws.webcontainer.webapp.WebApp.handleRequest(WebApp.java:3673)
	at com.ibm.ws.webcontainer.webapp.WebGroup.handleRequest(WebGroup.java:269)
	at com.ibm.ws.webcontainer.WebContainer.handleRequest(WebContainer.java:831)
	at com.ibm.ws.wswebcontainer.WebContainer.handleRequest(WebContainer.java:1478)
	at com.ibm.ws.webcontainer.channel.WCChannelLink.ready(WCChannelLink.java:133)
	at com.ibm.ws.http.channel.inbound.impl.HttpInboundLink.handleDiscrimination(HttpInboundLink.java:457)
	at com.ibm.ws.http.channel.inbound.impl.HttpInboundLink.handleNewRequest(HttpInboundLink.java:515)
	at com.ibm.ws.http.channel.inbound.impl.HttpInboundLink.processRequest(HttpInboundLink.java:300)
	at com.ibm.ws.http.channel.inbound.impl.HttpICLReadCallback.complete(HttpICLReadCallback.java:102)
	at com.ibm.ws.ssl.channel.impl.SSLReadServiceContext$SSLReadCompletedCallback.complete(SSLReadServiceContext.java:1830)
	at com.ibm.ws.tcp.channel.impl.WorkQueueManager.requestComplete(WorkQueueManager.java:556)
	at com.ibm.ws.tcp.channel.impl.WorkQueueManager.attemptIO(WorkQueueManager.java:606)
	at com.ibm.ws.tcp.channel.impl.WorkQueueManager.workerRun(WorkQueueManager.java:979)
	at com.ibm.ws.tcp.channel.impl.WorkQueueManager$Worker.run(WorkQueueManager.java:1064)
	at com.ibm.ws.util.ThreadPool$Worker.run(ThreadPool.java:1593)
2018-09-22 09:30:01,466 INFO [br.com.bradesco.web.ibpf.service.provider.security.sessao.filter.SessionInterceptionFilter] - [Inicializando Bradesco Filter 'class br.com.bradesco.web.ibpf.service.provider.security.sessao.filter.SessionInterceptionFilter']
2018-09-22 09:30:01,766 INFO [br.com.bradesco.web.bvp.service.aceitedigital.impl.AceiteDigitalServiceImpl] - [inicio do metodo: consultarPropostas(PropostaDTO PropostaDTO)]
2018-09-22 09:30:01,775 INFO [br.com.bradesco.web.previdencia.service.data.commarea.termoaceite.ppra8750.impl.PPRA8750PDCAdapterImpl] - [CHAMADA MAINFRAME IN : <?xml version="1.0" encoding="UTF-8"?>
<PPRA8750In xmlns="PPRA8750In"><INP-AGENCIA xmlns="">2271</INP-AGENCIA><INP-CONTA xmlns="">14636</INP-CONTA><INP-CPF xmlns="">580650488</INP-CPF><INP-CANAL xmlns="">1</INP-CANAL><INP-RESTART xmlns="">0</INP-RESTART></PPRA8750In>]
2018-09-22 09:30:01,776 INFO [br.com.bradesco.web.ib.service.data.pdc.adapter.PrevidenciaPdcBaseAdapterPpra8750] - [IN PPRA8750: <?xml version="1.0" encoding="UTF-8"?>
<PPRA8750In xmlns="PPRA8750In"><INP-AGENCIA xmlns="">2271</INP-AGENCIA><INP-CONTA xmlns="">14636</INP-CONTA><INP-CPF xmlns="">580650488</INP-CPF><INP-CANAL xmlns="">1</INP-CANAL><INP-RESTART xmlns="">0</INP-RESTART></PPRA8750In>]
2018-09-22 09:30:02,229 INFO [br.com.bradesco.web.ib.service.data.pdc.adapter.PrevidenciaPdcBaseAdapterPpra8750] - [OUT PPRA8750: <PPRA8750Out>
  <OUT-AGENCIA>02271</OUT-AGENCIA>
  <OUT-CONTA>0000000014636</OUT-CONTA>
  <OUT-CPF>00580650488</OUT-CPF>
  <OUT-CANAL>1</OUT-CANAL>
  <OUT-RESTART-SAIDA>0000</OUT-RESTART-SAIDA>
  <OUT-SINAL-SQLCODE />
  <OUT-SQLCODE-SAIDA>000</OUT-SQLCODE-SAIDA>
  <OUT-LOCAL-SAIDA>00</OUT-LOCAL-SAIDA>
  <OUT-COD-RETORNO-SAIDA>0001</OUT-COD-RETORNO-SAIDA>
  <OUT-MENSAGEM-SAIDA>NENHUMA PROPOSTA PENDENTE DE VALIDACAO</OUT-MENSAGEM-SAIDA>
  <OUT-QTDE-OCORRENCIAS>00</OUT-QTDE-OCORRENCIAS>
  <OUT-FILLER3 />
</PPRA8750Out>]
2018-09-22 09:30:02,243 INFO [br.com.bradesco.web.bvp.service.aceitedigital.impl.AceiteDigitalServiceImpl] - [finalizando o metodo: consultarPropostas(CorrentistaDTO correntistaDTO)]
2018-09-22 09:51:25,368 INFO [br.com.bradesco.web.ibpf.service.provider.security.sessao.filter.SessionInterceptionFilter] - [Inicializando Bradesco Filter 'class br.com.bradesco.web.ibpf.service.provider.security.sessao.filter.SessionInterceptionFilter']
2018-09-22 09:51:25,383 WARN [br.com.bradesco.web.ibpf.service.business.sessao.impl.SessaoIbpfServiceImpl] - [CTL: 2572165293531859071150 Tempo de sessão excedido.  Hora Login: 2018-09-22 09:02:34.733, Tempo Restante: -1131]
2018-09-22 09:51:25,666 ERROR [br.com.bradesco.web.bvp.service.aceitedigital.bean.AceiteDigitalBean] - []
java.lang.NullPointerException
	at br.com.bradesco.web.ibpf.service.business.sessao.impl.SessaoIbpfServiceImpl.recuperarVariavelSessao(SessaoIbpfServiceImpl.java:932)
	at br.com.bradesco.web.ibpf.service.business.dadocliente.dadotitular.impl.DadoTitularServiceImpl.recuperarNomeTitular(DadoTitularServiceImpl.java:414)
	at br.com.bradesco.web.bvp.service.aceitedigital.bean.AbstractBean.getCorrentistaSessao(AbstractBean.java:135)
	at br.com.bradesco.web.bvp.service.aceitedigital.bean.AceiteDigitalBean.listaPropostasParaAceite(AceiteDigitalBean.java:103)
	at br.com.bradesco.web.bvp.service.aceitedigital.bean.AceiteDigitalBean.iniciar(AceiteDigitalBean.java:87)
	at sun.reflect.NativeMethodAccessorImpl.invoke0(Native Method)
	at sun.reflect.NativeMethodAccessorImpl.invoke(NativeMethodAccessorImpl.java:39)
	at sun.reflect.DelegatingMethodAccessorImpl.invoke(DelegatingMethodAccessorImpl.java:25)
	at java.lang.reflect.Method.invoke(Method.java:592)
	at org.apache.myfaces.el.MethodBindingImpl.invoke(MethodBindingImpl.java:129)
	at org.apache.myfaces.application.ActionListenerImpl.processAction(ActionListenerImpl.java:63)
	at br.com.bradesco.web.ib.service.provider.filter.RedirectUrlToJsfPhaseListener.executarManagedBeanNegocio(RedirectUrlToJsfPhaseListener.java:393)
	at br.com.bradesco.web.ib.service.provider.filter.RedirectUrlToJsfPhaseListener.afterPhase(RedirectUrlToJsfPhaseListener.java:272)
	at org.springframework.web.jsf.DelegatingPhaseListenerMulticaster.afterPhase(DelegatingPhaseListenerMulticaster.java:84)
	at br.com.bradesco.web.aq.view.lifecycle.BradescoLifecycleImpl.informPhaseListenersAfter(BradescoLifecycleImpl.java:581)
	at br.com.bradesco.web.aq.view.lifecycle.BradescoLifecycleImpl.restoreView(BradescoLifecycleImpl.java:298)
	at br.com.bradesco.web.aq.view.lifecycle.BradescoLifecycleImpl.executeLifeCycle(BradescoLifecycleImpl.java:105)
	at br.com.bradesco.web.aq.view.lifecycle.BradescoLifecycleImpl.execute(BradescoLifecycleImpl.java:87)
	at javax.faces.webapp.FacesServlet.service(FacesServlet.java:106)
	at com.ibm.ws.webcontainer.servlet.ServletWrapper.service(ServletWrapper.java:1213)
	at com.ibm.ws.webcontainer.servlet.ServletWrapper.service(ServletWrapper.java:1154)
	at com.ibm.ws.webcontainer.filter.WebAppFilterChain.doFilter(WebAppFilterChain.java:145)
	at org.ajax4jsf.webapp.BaseXMLFilter.doXmlFilter(BaseXMLFilter.java:141)
	at org.ajax4jsf.webapp.BaseFilter.doFilter(BaseFilter.java:281)
	at com.ibm.ws.webcontainer.filter.FilterInstanceWrapper.doFilter(FilterInstanceWrapper.java:190)
	at com.ibm.ws.webcontainer.filter.WebAppFilterChain.doFilter(WebAppFilterChain.java:130)
	at br.com.bradesco.web.aq.view.filters.impl.BradescoFilterManager.doFilter(BradescoFilterManager.java:179)
	at org.springframework.web.filter.DelegatingFilterProxy.invokeDelegate(DelegatingFilterProxy.java:183)
	at org.springframework.web.filter.DelegatingFilterProxy.doFilter(DelegatingFilterProxy.java:138)
	at com.ibm.ws.webcontainer.filter.FilterInstanceWrapper.doFilter(FilterInstanceWrapper.java:190)
	at com.ibm.ws.webcontainer.filter.WebAppFilterChain.doFilter(WebAppFilterChain.java:130)
	at br.com.bradesco.web.ib.view.components.app.UICript.filter.DecryptFilter.doFilter(DecryptFilter.java:54)
	at org.springframework.web.filter.DelegatingFilterProxy.invokeDelegate(DelegatingFilterProxy.java:183)
	at org.springframework.web.filter.DelegatingFilterProxy.doFilter(DelegatingFilterProxy.java:138)
	at com.ibm.ws.webcontainer.filter.FilterInstanceWrapper.doFilter(FilterInstanceWrapper.java:190)
	at com.ibm.ws.webcontainer.filter.WebAppFilterChain.doFilter(WebAppFilterChain.java:130)
	at org.springframework.security.util.FilterChainProxy$VirtualFilterChain.doFilter(FilterChainProxy.java:378)
	at org.springframework.security.intercept.web.FilterSecurityInterceptor.invoke(FilterSecurityInterceptor.java:109)
	at org.springframework.security.intercept.web.FilterSecurityInterceptor.doFilter(FilterSecurityInterceptor.java:83)
	at br.com.bradesco.web.ibpf.service.provider.security.sessao.filter.SessionFilterSecurityInterceptor.doFilter(SessionFilterSecurityInterceptor.java:81)
	at org.springframework.security.util.FilterChainProxy$VirtualFilterChain.doFilter(FilterChainProxy.java:390)
	at br.com.bradesco.web.ibpf.service.provider.security.sessao.check.filter.SessionCheckProcessingFilter.doFilter(SessionCheckProcessingFilter.java:171)
	at org.springframework.security.util.FilterChainProxy$VirtualFilterChain.doFilter(FilterChainProxy.java:390)
	at org.springframework.security.wrapper.SecurityContextHolderAwareRequestFilter.doFilterHttp(SecurityContextHolderAwareRequestFilter.java:91)
	at org.springframework.security.ui.SpringSecurityFilter.doFilter(SpringSecurityFilter.java:53)
	at org.springframework.security.util.FilterChainProxy$VirtualFilterChain.doFilter(FilterChainProxy.java:390)
	at br.com.bradesco.web.aq.view.filters.impl.BradescoFilterManager.doFilter(BradescoFilterManager.java:179)
	at org.springframework.security.util.FilterChainProxy$VirtualFilterChain.doFilter(FilterChainProxy.java:390)
	at org.springframework.security.context.HttpSessionContextIntegrationFilter.doFilterHttp(HttpSessionContextIntegrationFilter.java:235)
	at org.springframework.security.ui.SpringSecurityFilter.doFilter(SpringSecurityFilter.java:53)
	at org.springframework.security.util.FilterChainProxy$VirtualFilterChain.doFilter(FilterChainProxy.java:390)
	at org.springframework.security.util.FilterChainProxy.doFilter(FilterChainProxy.java:175)
	at org.springframework.security.util.FilterToBeanProxy.doFilter(FilterToBeanProxy.java:99)
	at com.ibm.ws.webcontainer.filter.FilterInstanceWrapper.doFilter(FilterInstanceWrapper.java:190)
	at com.ibm.ws.webcontainer.filter.WebAppFilterChain.doFilter(WebAppFilterChain.java:130)
	at org.apache.myfaces.component.html.util.ExtensionsFilter.doFilter(ExtensionsFilter.java:122)
	at com.ibm.ws.webcontainer.filter.FilterInstanceWrapper.doFilter(FilterInstanceWrapper.java:190)
	at com.ibm.ws.webcontainer.filter.WebAppFilterChain.doFilter(WebAppFilterChain.java:130)
	at br.com.bradesco.web.ib.view.util.taglib.CommonsServiceFilter.doFilter(CommonsServiceFilter.java:91)
	at org.springframework.web.filter.DelegatingFilterProxy.invokeDelegate(DelegatingFilterProxy.java:183)
	at org.springframework.web.filter.DelegatingFilterProxy.doFilter(DelegatingFilterProxy.java:138)
	at com.ibm.ws.webcontainer.filter.FilterInstanceWrapper.doFilter(FilterInstanceWrapper.java:190)
	at com.ibm.ws.webcontainer.filter.WebAppFilterChain.doFilter(WebAppFilterChain.java:130)
	at com.ibm.ws.webcontainer.filter.WebAppFilterChain._doFilter(WebAppFilterChain.java:87)
	at com.ibm.ws.webcontainer.filter.WebAppFilterManager.doFilter(WebAppFilterManager.java:848)
	at com.ibm.ws.webcontainer.filter.WebAppFilterManager.doFilter(WebAppFilterManager.java:691)
	at com.ibm.ws.webcontainer.servlet.ServletWrapper.handleRequest(ServletWrapper.java:654)
	at com.ibm.ws.wswebcontainer.servlet.ServletWrapper.handleRequest(ServletWrapper.java:526)
	at com.ibm.ws.webcontainer.servlet.CacheServletWrapper.handleRequest(CacheServletWrapper.java:90)
	at com.ibm.ws.webcontainer.WebContainer.handleRequest(WebContainer.java:764)
	at com.ibm.ws.wswebcontainer.WebContainer.handleRequest(WebContainer.java:1478)
	at com.ibm.ws.webcontainer.channel.WCChannelLink.ready(WCChannelLink.java:133)
	at com.ibm.ws.http.channel.inbound.impl.HttpInboundLink.handleDiscrimination(HttpInboundLink.java:457)
	at com.ibm.ws.http.channel.inbound.impl.HttpInboundLink.handleNewRequest(HttpInboundLink.java:515)
	at com.ibm.ws.http.channel.inbound.impl.HttpInboundLink.processRequest(HttpInboundLink.java:300)
	at com.ibm.ws.http.channel.inbound.impl.HttpICLReadCallback.complete(HttpICLReadCallback.java:102)
	at com.ibm.ws.ssl.channel.impl.SSLReadServiceContext$SSLReadCompletedCallback.complete(SSLReadServiceContext.java:1830)
	at com.ibm.ws.tcp.channel.impl.WorkQueueManager.requestComplete(WorkQueueManager.java:556)
	at com.ibm.ws.tcp.channel.impl.WorkQueueManager.attemptIO(WorkQueueManager.java:606)
	at com.ibm.ws.tcp.channel.impl.WorkQueueManager.workerRun(WorkQueueManager.java:979)
	at com.ibm.ws.tcp.channel.impl.WorkQueueManager$Worker.run(WorkQueueManager.java:1064)
	at com.ibm.ws.util.ThreadPool$Worker.run(ThreadPool.java:1593)
2018-09-22 09:53:58,143 INFO [br.com.bradesco.web.ibpf.service.provider.security.sessao.filter.SessionInterceptionFilter] - [Inicializando Bradesco Filter 'class br.com.bradesco.web.ibpf.service.provider.security.sessao.filter.SessionInterceptionFilter']
2018-09-22 09:53:58,240 INFO [br.com.bradesco.web.bvp.service.aceitedigital.impl.AceiteDigitalServiceImpl] - [inicio do metodo: consultarPropostas(PropostaDTO PropostaDTO)]
2018-09-22 09:53:58,249 INFO [br.com.bradesco.web.previdencia.service.data.commarea.termoaceite.ppra8750.impl.PPRA8750PDCAdapterImpl] - [CHAMADA MAINFRAME IN : <?xml version="1.0" encoding="UTF-8"?>
<PPRA8750In xmlns="PPRA8750In"><INP-AGENCIA xmlns="">870</INP-AGENCIA><INP-CONTA xmlns="">243474</INP-CONTA><INP-CPF xmlns="">9640039888</INP-CPF><INP-CANAL xmlns="">1</INP-CANAL><INP-RESTART xmlns="">0</INP-RESTART></PPRA8750In>]
2018-09-22 09:53:58,250 INFO [br.com.bradesco.web.ib.service.data.pdc.adapter.PrevidenciaPdcBaseAdapterPpra8750] - [IN PPRA8750: <?xml version="1.0" encoding="UTF-8"?>
<PPRA8750In xmlns="PPRA8750In"><INP-AGENCIA xmlns="">870</INP-AGENCIA><INP-CONTA xmlns="">243474</INP-CONTA><INP-CPF xmlns="">9640039888</INP-CPF><INP-CANAL xmlns="">1</INP-CANAL><INP-RESTART xmlns="">0</INP-RESTART></PPRA8750In>]
2018-09-22 09:53:58,423 INFO [br.com.bradesco.web.ib.service.data.pdc.adapter.PrevidenciaPdcBaseAdapterPpra8750] - [OUT PPRA8750: <PPRA8750Out>
  <OUT-AGENCIA>00870</OUT-AGENCIA>
  <OUT-CONTA>0000000243474</OUT-CONTA>
  <OUT-CPF>09640039888</OUT-CPF>
  <OUT-CANAL>1</OUT-CANAL>
  <OUT-RESTART-SAIDA>0000</OUT-RESTART-SAIDA>
  <OUT-SINAL-SQLCODE />
  <OUT-SQLCODE-SAIDA>000</OUT-SQLCODE-SAIDA>
  <OUT-LOCAL-SAIDA>00</OUT-LOCAL-SAIDA>
  <OUT-COD-RETORNO-SAIDA>0000</OUT-COD-RETORNO-SAIDA>
  <OUT-MENSAGEM-SAIDA>EXECUTADO COM SUCESSO</OUT-MENSAGEM-SAIDA>
  <OUT-QTDE-OCORRENCIAS>01</OUT-QTDE-OCORRENCIAS>
  <OUT-FILLER3 />
  <PPRA8750OcorrenciaOut>
    <OUT-CSERIE-PPSTA>042</OUT-CSERIE-PPSTA>
    <OUT-CPPSTA>1631002</OUT-CPPSTA>
    <OUT-NOME-PARTIC>REGINALDO HERREIRA FERRAZ</OUT-NOME-PARTIC>
    <OUT-TP-PPSTA>T</OUT-TP-PPSTA>
    <OUT-TP-PLANO>VGBL</OUT-TP-PLANO>
    <OUT-NOME-PLANO>BRADESCO VGBL F30</OUT-NOME-PLANO>
    <OUT-IND-PROPOSTA-NOVA>N</OUT-IND-PROPOSTA-NOVA>
  </PPRA8750OcorrenciaOut>
</PPRA8750Out>]
2018-09-22 09:53:58,445 INFO [br.com.bradesco.web.bvp.service.aceitedigital.impl.AceiteDigitalServiceImpl] - [finalizando o metodo: consultarPropostas(CorrentistaDTO correntistaDTO)]
2018-09-22 09:54:04,698 INFO [br.com.bradesco.web.ibpf.service.provider.security.sessao.filter.SessionInterceptionFilter] - [Inicializando Bradesco Filter 'class br.com.bradesco.web.ibpf.service.provider.security.sessao.filter.SessionInterceptionFilter']
2018-09-22 09:54:04,828 INFO [br.com.bradesco.web.bvp.service.aceitedigital.impl.AceiteDigitalServiceImpl] - [inicio do metodo: consultarTransferencia(PropostaDTO propostaDTO)]
2018-09-22 09:54:04,840 INFO [br.com.bradesco.web.previdencia.service.data.commarea.termoaceite.ppra8752.PPRA8752PDCAdapterImpl] - [CHAMADA MAINFRAME IN : <?xml version="1.0" encoding="UTF-8"?>
<PPRA8752In xmlns="PPRA8752In"><INP-CSERIE-PPSTA xmlns="">42</INP-CSERIE-PPSTA><INP-CPPSTA xmlns="">1631002</INP-CPPSTA></PPRA8752In>]
2018-09-22 09:54:04,841 INFO [br.com.bradesco.web.ib.service.data.pdc.adapter.PrevidenciaPdcBaseAdapterPrra8752] - [IN PPRA8752: <?xml version="1.0" encoding="UTF-8"?>
<PPRA8752In xmlns="PPRA8752In"><INP-CSERIE-PPSTA xmlns="">42</INP-CSERIE-PPSTA><INP-CPPSTA xmlns="">1631002</INP-CPPSTA></PPRA8752In>]
2018-09-22 09:54:04,992 INFO [br.com.bradesco.web.ib.service.data.pdc.adapter.PrevidenciaPdcBaseAdapterPrra8752] - [OUT PPRA8752: <PPRA8752Out>
  <OUT-SINAL-SQLCODE />
  <OUT-SQLCODE-SAIDA>000</OUT-SQLCODE-SAIDA>
  <OUT-LOCAL-SAIDA>00</OUT-LOCAL-SAIDA>
  <OUT-COD-RETORNO-SAIDA>0000</OUT-COD-RETORNO-SAIDA>
  <OUT-MENSAGEM-SAIDA>EXECUTADO COM SUCESSO</OUT-MENSAGEM-SAIDA>
  <OUT-CSERIE-PPSTA-DESTINO>042</OUT-CSERIE-PPSTA-DESTINO>
  <OUT-CPPSTA-DESTINO>1631002</OUT-CPPSTA-DESTINO>
  <OUT-TP-PLANO-DESTINO>VGBL</OUT-TP-PLANO-DESTINO>
  <OUT-NOME-PLANO-DESTINO>BRADESCO VGBL F30</OUT-NOME-PLANO-DESTINO>
  <OUT-TX-ADM-DESTINO>00300</OUT-TX-ADM-DESTINO>
  <OUT-REGIME-TRIBUTARIO-DESTINO>PROGRESSIVO</OUT-REGIME-TRIBUTARIO-DESTINO>
  <OUT-INDICE-CORRECAO-DESTINO>IPCA</OUT-INDICE-CORRECAO-DESTINO>
  <OUT-BASE-TECNICA-DESTINO>AT2000</OUT-BASE-TECNICA-DESTINO>
  <OUT-PROCESSO-SUSEP-DEST>15414.002429/2007-21</OUT-PROCESSO-SUSEP-DEST>
  <OUT-QUANTIDADE-DE-OCORRENCIAS>001</OUT-QUANTIDADE-DE-OCORRENCIAS>
  <PPRA8752OcorrenciaOut>
    <OUT-CSERIE-PPSTA-ORIG>055</OUT-CSERIE-PPSTA-ORIG>
    <OUT-CPPSTA-ORIG>0867068</OUT-CPPSTA-ORIG>
    <OUT-PROCESSO-SUSEP-ORIG>15414.002418/2011-28</OUT-PROCESSO-SUSEP-ORIG>
    <OUT-TP-PLANO-ORIG>VGBL</OUT-TP-PLANO-ORIG>
    <OUT-NOME-PLANO-ORIG>BRADESCO VGBL INDIVIDUAL PRIVATE RENDA F</OUT-NOME-PLANO-ORIG>
    <OUT-TX-ADM-ORIG>00100</OUT-TX-ADM-ORIG>
    <OUT-REGIME-TRIBUTARIO-ORIG>PROGRESSIVO</OUT-REGIME-TRIBUTARIO-ORIG>
    <OUT-TIPO-TRANSFERENCIA-ORIG>PARCIAL</OUT-TIPO-TRANSFERENCIA-ORIG>
    <OUT-VALOR-TRANSFERENCIA-ORIG>000000000002500</OUT-VALOR-TRANSFERENCIA-ORIG>
    <OUT-INDICE-CORRECAO-ORIG>IPCA</OUT-INDICE-CORRECAO-ORIG>
    <OUT-BASE-TECNICA-ORIG>TABUA BR</OUT-BASE-TECNICA-ORIG>
    <OUT-DATA-TRANSFERENCIA-ORIG>24.09.2018</OUT-DATA-TRANSFERENCIA-ORIG>
  </PPRA8752OcorrenciaOut>
</PPRA8752Out>]
2018-09-22 09:54:05,007 INFO [br.com.bradesco.web.bvp.service.aceitedigital.impl.AceiteDigitalServiceImpl] - [consultarTransferencia(PropostaDTO propostaDTO)]
2018-09-22 09:54:17,314 INFO [br.com.bradesco.web.ibpf.service.provider.security.sessao.filter.SessionInterceptionFilter] - [Inicializando Bradesco Filter 'class br.com.bradesco.web.ibpf.service.provider.security.sessao.filter.SessionInterceptionFilter']
2018-09-22 09:54:17,455 INFO [br.com.bradesco.web.bvp.service.aceitedigital.impl.AceiteDigitalServiceImpl] - [inicio do metodo: efetivacaoTransferencia(TransferenciaDTO param)]
2018-09-22 09:54:17,502 ERROR [br.com.bradesco.web.bvp.service.aceitedigital.bean.dao.AceiteDigitalSQLDAO] - [java.sql.SQLException: [IBM][SQLServer JDBC Driver][SQLServer]Procedure or function 'InsTransferenciaInterna' expects parameter '@seriePropostaDestino', which was not supplied.]
2018-09-22 09:54:17,503 ERROR [br.com.bradesco.web.bvp.service.aceitedigital.bean.TransferenciaInternaBean] - []
br.com.bradesco.web.aq.application.error.BradescoApplicationException: [IBM][SQLServer JDBC Driver][SQLServer]Procedure or function 'InsTransferenciaInterna' expects parameter '@seriePropostaDestino', which was not supplied.
	at br.com.bradesco.web.bvp.service.aceitedigital.impl.AceiteDigitalServiceImpl.efetivacaoTransferencia(AceiteDigitalServiceImpl.java:326)
	at br.com.bradesco.web.bvp.service.aceitedigital.bean.TransferenciaInternaBean.confirmarTransferencia(TransferenciaInternaBean.java:115)
	at sun.reflect.NativeMethodAccessorImpl.invoke0(Native Method)
	at sun.reflect.NativeMethodAccessorImpl.invoke(NativeMethodAccessorImpl.java:39)
	at sun.reflect.DelegatingMethodAccessorImpl.invoke(DelegatingMethodAccessorImpl.java:25)
	at java.lang.reflect.Method.invoke(Method.java:592)
	at org.apache.myfaces.el.MethodBindingImpl.invoke(MethodBindingImpl.java:129)
	at org.apache.myfaces.application.ActionListenerImpl.processAction(ActionListenerImpl.java:63)
	at javax.faces.component.UICommand.broadcast(UICommand.java:106)
	at org.ajax4jsf.component.AjaxViewRoot.processEvents(AjaxViewRoot.java:184)
	at org.ajax4jsf.component.AjaxViewRoot.broadcastEvents(AjaxViewRoot.java:162)
	at org.ajax4jsf.component.AjaxViewRoot.processApplication(AjaxViewRoot.java:350)
	at br.com.bradesco.web.aq.view.lifecycle.BradescoLifecycleImpl.invokeApplication(BradescoLifecycleImpl.java:449)
	at br.com.bradesco.web.aq.view.lifecycle.BradescoLifecycleImpl.executeLifeCycle(BradescoLifecycleImpl.java:121)
	at br.com.bradesco.web.aq.view.lifecycle.BradescoLifecycleImpl.execute(BradescoLifecycleImpl.java:87)
	at javax.faces.webapp.FacesServlet.service(FacesServlet.java:106)
	at com.ibm.ws.webcontainer.servlet.ServletWrapper.service(ServletWrapper.java:1213)
	at com.ibm.ws.webcontainer.servlet.ServletWrapper.service(ServletWrapper.java:1154)
	at com.ibm.ws.webcontainer.filter.WebAppFilterChain.doFilter(WebAppFilterChain.java:145)
	at org.ajax4jsf.webapp.BaseXMLFilter.doXmlFilter(BaseXMLFilter.java:141)
	at org.ajax4jsf.webapp.BaseFilter.doFilter(BaseFilter.java:281)
	at com.ibm.ws.webcontainer.filter.FilterInstanceWrapper.doFilter(FilterInstanceWrapper.java:190)
	at com.ibm.ws.webcontainer.filter.WebAppFilterChain.doFilter(WebAppFilterChain.java:130)
	at br.com.bradesco.web.aq.view.filters.impl.BradescoFilterManager.doFilter(BradescoFilterManager.java:179)
	at org.springframework.web.filter.DelegatingFilterProxy.invokeDelegate(DelegatingFilterProxy.java:183)
	at org.springframework.web.filter.DelegatingFilterProxy.doFilter(DelegatingFilterProxy.java:138)
	at com.ibm.ws.webcontainer.filter.FilterInstanceWrapper.doFilter(FilterInstanceWrapper.java:190)
	at com.ibm.ws.webcontainer.filter.WebAppFilterChain.doFilter(WebAppFilterChain.java:130)
	at br.com.bradesco.web.ib.view.components.app.UICript.filter.DecryptFilter.doFilter(DecryptFilter.java:54)
	at org.springframework.web.filter.DelegatingFilterProxy.invokeDelegate(DelegatingFilterProxy.java:183)
	at org.springframework.web.filter.DelegatingFilterProxy.doFilter(DelegatingFilterProxy.java:138)
	at com.ibm.ws.webcontainer.filter.FilterInstanceWrapper.doFilter(FilterInstanceWrapper.java:190)
	at com.ibm.ws.webcontainer.filter.WebAppFilterChain.doFilter(WebAppFilterChain.java:130)
	at org.springframework.security.util.FilterChainProxy$VirtualFilterChain.doFilter(FilterChainProxy.java:378)
	at org.springframework.security.intercept.web.FilterSecurityInterceptor.invoke(FilterSecurityInterceptor.java:109)
	at org.springframework.security.intercept.web.FilterSecurityInterceptor.doFilter(FilterSecurityInterceptor.java:83)
	at br.com.bradesco.web.ibpf.service.provider.security.sessao.filter.SessionFilterSecurityInterceptor.doFilter(SessionFilterSecurityInterceptor.java:81)
	at org.springframework.security.util.FilterChainProxy$VirtualFilterChain.doFilter(FilterChainProxy.java:390)
	at br.com.bradesco.web.ibpf.service.provider.security.sessao.check.filter.SessionCheckProcessingFilter.doFilter(SessionCheckProcessingFilter.java:171)
	at org.springframework.security.util.FilterChainProxy$VirtualFilterChain.doFilter(FilterChainProxy.java:390)
	at org.springframework.security.wrapper.SecurityContextHolderAwareRequestFilter.doFilterHttp(SecurityContextHolderAwareRequestFilter.java:91)
	at org.springframework.security.ui.SpringSecurityFilter.doFilter(SpringSecurityFilter.java:53)
	at org.springframework.security.util.FilterChainProxy$VirtualFilterChain.doFilter(FilterChainProxy.java:390)
	at br.com.bradesco.web.aq.view.filters.impl.BradescoFilterManager.doFilter(BradescoFilterManager.java:179)
	at org.springframework.security.util.FilterChainProxy$VirtualFilterChain.doFilter(FilterChainProxy.java:390)
	at org.springframework.security.context.HttpSessionContextIntegrationFilter.doFilterHttp(HttpSessionContextIntegrationFilter.java:235)
	at org.springframework.security.ui.SpringSecurityFilter.doFilter(SpringSecurityFilter.java:53)
	at org.springframework.security.util.FilterChainProxy$VirtualFilterChain.doFilter(FilterChainProxy.java:390)
	at org.springframework.security.util.FilterChainProxy.doFilter(FilterChainProxy.java:175)
	at org.springframework.security.util.FilterToBeanProxy.doFilter(FilterToBeanProxy.java:99)
	at com.ibm.ws.webcontainer.filter.FilterInstanceWrapper.doFilter(FilterInstanceWrapper.java:190)
	at com.ibm.ws.webcontainer.filter.WebAppFilterChain.doFilter(WebAppFilterChain.java:130)
	at org.apache.myfaces.component.html.util.ExtensionsFilter.doFilter(ExtensionsFilter.java:122)
	at com.ibm.ws.webcontainer.filter.FilterInstanceWrapper.doFilter(FilterInstanceWrapper.java:190)
	at com.ibm.ws.webcontainer.filter.WebAppFilterChain.doFilter(WebAppFilterChain.java:130)
	at br.com.bradesco.web.ib.view.util.taglib.CommonsServiceFilter.doFilter(CommonsServiceFilter.java:91)
	at org.springframework.web.filter.DelegatingFilterProxy.invokeDelegate(DelegatingFilterProxy.java:183)
	at org.springframework.web.filter.DelegatingFilterProxy.doFilter(DelegatingFilterProxy.java:138)
	at com.ibm.ws.webcontainer.filter.FilterInstanceWrapper.doFilter(FilterInstanceWrapper.java:190)
	at com.ibm.ws.webcontainer.filter.WebAppFilterChain.doFilter(WebAppFilterChain.java:130)
	at com.ibm.ws.webcontainer.filter.WebAppFilterChain._doFilter(WebAppFilterChain.java:87)
	at com.ibm.ws.webcontainer.filter.WebAppFilterManager.doFilter(WebAppFilterManager.java:848)
	at com.ibm.ws.webcontainer.filter.WebAppFilterManager.doFilter(WebAppFilterManager.java:691)
	at com.ibm.ws.webcontainer.servlet.ServletWrapper.handleRequest(ServletWrapper.java:654)
	at com.ibm.ws.wswebcontainer.servlet.ServletWrapper.handleRequest(ServletWrapper.java:526)
	at com.ibm.ws.webcontainer.servlet.CacheServletWrapper.handleRequest(CacheServletWrapper.java:90)
	at com.ibm.ws.webcontainer.WebContainer.handleRequest(WebContainer.java:764)
	at com.ibm.ws.wswebcontainer.WebContainer.handleRequest(WebContainer.java:1478)
	at com.ibm.ws.webcontainer.channel.WCChannelLink.ready(WCChannelLink.java:133)
	at com.ibm.ws.http.channel.inbound.impl.HttpInboundLink.handleDiscrimination(HttpInboundLink.java:457)
	at com.ibm.ws.http.channel.inbound.impl.HttpInboundLink.handleNewRequest(HttpInboundLink.java:515)
	at com.ibm.ws.http.channel.inbound.impl.HttpInboundLink.processRequest(HttpInboundLink.java:300)
	at com.ibm.ws.http.channel.inbound.impl.HttpICLReadCallback.complete(HttpICLReadCallback.java:102)
	at com.ibm.ws.ssl.channel.impl.SSLReadServiceContext$SSLReadCompletedCallback.complete(SSLReadServiceContext.java:1830)
	at com.ibm.ws.tcp.channel.impl.WorkQueueManager.requestComplete(WorkQueueManager.java:556)
	at com.ibm.ws.tcp.channel.impl.WorkQueueManager.attemptIO(WorkQueueManager.java:606)
	at com.ibm.ws.tcp.channel.impl.WorkQueueManager.workerRun(WorkQueueManager.java:979)
	at com.ibm.ws.tcp.channel.impl.WorkQueueManager$Worker.run(WorkQueueManager.java:1064)
	at com.ibm.ws.util.ThreadPool$Worker.run(ThreadPool.java:1593)
2018-09-22 10:31:34,129 INFO [br.com.bradesco.web.ibpf.service.provider.security.sessao.filter.SessionInterceptionFilter] - [Inicializando Bradesco Filter 'class br.com.bradesco.web.ibpf.service.provider.security.sessao.filter.SessionInterceptionFilter']
2018-09-22 10:31:34,472 INFO [br.com.bradesco.web.bvp.service.aceitedigital.impl.AceiteDigitalServiceImpl] - [inicio do metodo: consultarPropostas(PropostaDTO PropostaDTO)]
2018-09-22 10:31:34,486 INFO [br.com.bradesco.web.previdencia.service.data.commarea.termoaceite.ppra8750.impl.PPRA8750PDCAdapterImpl] - [CHAMADA MAINFRAME IN : <?xml version="1.0" encoding="UTF-8"?>
<PPRA8750In xmlns="PPRA8750In"><INP-AGENCIA xmlns="">870</INP-AGENCIA><INP-CONTA xmlns="">243474</INP-CONTA><INP-CPF xmlns="">9640039888</INP-CPF><INP-CANAL xmlns="">1</INP-CANAL><INP-RESTART xmlns="">0</INP-RESTART></PPRA8750In>]
2018-09-22 10:31:34,487 INFO [br.com.bradesco.web.ib.service.data.pdc.adapter.PrevidenciaPdcBaseAdapterPpra8750] - [IN PPRA8750: <?xml version="1.0" encoding="UTF-8"?>
<PPRA8750In xmlns="PPRA8750In"><INP-AGENCIA xmlns="">870</INP-AGENCIA><INP-CONTA xmlns="">243474</INP-CONTA><INP-CPF xmlns="">9640039888</INP-CPF><INP-CANAL xmlns="">1</INP-CANAL><INP-RESTART xmlns="">0</INP-RESTART></PPRA8750In>]
2018-09-22 10:31:34,689 INFO [br.com.bradesco.web.ib.service.data.pdc.adapter.PrevidenciaPdcBaseAdapterPpra8750] - [OUT PPRA8750: <PPRA8750Out>
  <OUT-AGENCIA>00870</OUT-AGENCIA>
  <OUT-CONTA>0000000243474</OUT-CONTA>
  <OUT-CPF>09640039888</OUT-CPF>
  <OUT-CANAL>1</OUT-CANAL>
  <OUT-RESTART-SAIDA>0000</OUT-RESTART-SAIDA>
  <OUT-SINAL-SQLCODE />
  <OUT-SQLCODE-SAIDA>000</OUT-SQLCODE-SAIDA>
  <OUT-LOCAL-SAIDA>00</OUT-LOCAL-SAIDA>
  <OUT-COD-RETORNO-SAIDA>0000</OUT-COD-RETORNO-SAIDA>
  <OUT-MENSAGEM-SAIDA>EXECUTADO COM SUCESSO</OUT-MENSAGEM-SAIDA>
  <OUT-QTDE-OCORRENCIAS>02</OUT-QTDE-OCORRENCIAS>
  <OUT-FILLER3 />
  <PPRA8750OcorrenciaOut>
    <OUT-CSERIE-PPSTA>055</OUT-CSERIE-PPSTA>
    <OUT-CPPSTA>0873395</OUT-CPPSTA>
    <OUT-NOME-PARTIC>REGINALDO HERREIRA FERRAZ</OUT-NOME-PARTIC>
    <OUT-TP-PPSTA>I</OUT-TP-PPSTA>
    <OUT-TP-PLANO>VGBL</OUT-TP-PLANO>
    <OUT-NOME-PLANO>VGBL BRADESCO PORTFOLIO MULTIESTRATEGIA</OUT-NOME-PLANO>
    <OUT-IND-PROPOSTA-NOVA>S</OUT-IND-PROPOSTA-NOVA>
  </PPRA8750OcorrenciaOut>
  <PPRA8750OcorrenciaOut>
    <OUT-CSERIE-PPSTA>042</OUT-CSERIE-PPSTA>
    <OUT-CPPSTA>1631002</OUT-CPPSTA>
    <OUT-NOME-PARTIC>REGINALDO HERREIRA FERRAZ</OUT-NOME-PARTIC>
    <OUT-TP-PPSTA>T</OUT-TP-PPSTA>
    <OUT-TP-PLANO>VGBL</OUT-TP-PLANO>
    <OUT-NOME-PLANO>BRADESCO VGBL F30</OUT-NOME-PLANO>
    <OUT-IND-PROPOSTA-NOVA>N</OUT-IND-PROPOSTA-NOVA>
  </PPRA8750OcorrenciaOut>
</PPRA8750Out>]
2018-09-22 10:31:34,701 INFO [br.com.bradesco.web.bvp.service.aceitedigital.impl.AceiteDigitalServiceImpl] - [finalizando o metodo: consultarPropostas(CorrentistaDTO correntistaDTO)]
