2018-09-22 00:16:21,043 INFO [br.com.bradesco.web.aq.view.filters.session.BradescoRequestInterceptionFilter] - [Inicializando Bradesco Filter 'class br.com.bradesco.web.aq.view.filters.session.BradescoRequestInterceptionFilter']
2018-09-22 00:16:21,044 INFO [br.com.bradesco.web.aq.view.filters.object.BradescoDataContextInterceptionFilter] - [Inicializando Bradesco Filter 'class br.com.bradesco.web.aq.view.filters.object.BradescoDataContextInterceptionFilter']
2018-09-22 00:16:21,084 INFO [br.com.bradesco.web.aq.view.filters.impl.BradescoFilterImpl] - [Inicializando Bradesco Filter 'class br.com.bradesco.web.aq.view.filters.impl.BradescoFilterImpl']
2018-09-22 00:25:31,534 INFO [br.com.bradesco.web.aq.application.log.impl.LogManagerImpl] - [Loaded LOG CATALOG from EXTERNAL Location [ '/suportedbdc_apl/ibsp/ibspaceitedigital/config/log4j-catalog.xml'].]
2018-09-22 00:25:31,576 WARN [br.com.bradesco.web.aq.application.alert.config.AlertCatalogImpl] - [Could not open ServletContext resource [/WEB-INF/classes/alert-catalog.xml]]
2018-09-22 00:25:31,598 WARN [br.com.bradesco.web.aq.application.alert.channel.file.impl.FileEmitterImpl] - [No such file or directory]
2018-09-22 00:25:43,271 INFO [br.com.bradesco.web.aq.application.log.impl.LogManagerImpl] - [Loaded LOG CATALOG from EXTERNAL Location [ '/suportedbdc_apl/ibsp/ibspaceitedigital/config/log4j-catalog.xml'].]
2018-09-22 00:25:43,311 WARN [br.com.bradesco.web.aq.application.alert.config.AlertCatalogImpl] - [Could not open ServletContext resource [/WEB-INF/classes/alert-catalog.xml]]
2018-09-22 00:25:43,329 WARN [br.com.bradesco.web.aq.application.alert.channel.file.impl.FileEmitterImpl] - [No such file or directory]
2018-09-22 00:26:40,020 INFO [br.com.bradesco.web.aq.application.log.impl.LogManagerImpl] - [Loaded LOG CATALOG from EXTERNAL Location [ '/suportedbdc_apl/ibsp/ibspaceitedigital/config/log4j-catalog.xml'].]
2018-09-22 00:26:40,050 WARN [br.com.bradesco.web.aq.application.alert.config.AlertCatalogImpl] - [Could not open ServletContext resource [/WEB-INF/classes/alert-catalog.xml]]
2018-09-22 00:26:40,064 WARN [br.com.bradesco.web.aq.application.alert.channel.file.impl.FileEmitterImpl] - [No such file or directory]
2018-09-22 00:26:47,424 INFO [br.com.bradesco.web.aq.application.log.impl.LogManagerImpl] - [Loaded LOG CATALOG from EXTERNAL Location [ '/suportedbdc_apl/ibsp/ibspaceitedigital/config/log4j-catalog.xml'].]
2018-09-22 00:26:47,466 WARN [br.com.bradesco.web.aq.application.alert.config.AlertCatalogImpl] - [Could not open ServletContext resource [/WEB-INF/classes/alert-catalog.xml]]
2018-09-22 00:26:47,484 WARN [br.com.bradesco.web.aq.application.alert.channel.file.impl.FileEmitterImpl] - [No such file or directory]
2018-09-22 00:43:50,927 INFO [br.com.bradesco.web.aq.application.log.impl.LogManagerImpl] - [Loaded LOG CATALOG from EXTERNAL Location [ '/suportedbdc_apl/ibsp/ibspaceitedigital/config/log4j-catalog.xml'].]
2018-09-22 00:43:50,957 WARN [br.com.bradesco.web.aq.application.alert.config.AlertCatalogImpl] - [Could not open ServletContext resource [/WEB-INF/classes/alert-catalog.xml]]
2018-09-22 00:43:50,972 WARN [br.com.bradesco.web.aq.application.alert.channel.file.impl.FileEmitterImpl] - [No such file or directory]
2018-09-22 00:43:56,611 INFO [br.com.bradesco.web.aq.application.log.impl.LogManagerImpl] - [Loaded LOG CATALOG from EXTERNAL Location [ '/suportedbdc_apl/ibsp/ibspaceitedigital/config/log4j-catalog.xml'].]
2018-09-22 00:43:56,641 WARN [br.com.bradesco.web.aq.application.alert.config.AlertCatalogImpl] - [Could not open ServletContext resource [/WEB-INF/classes/alert-catalog.xml]]
2018-09-22 00:43:56,658 WARN [br.com.bradesco.web.aq.application.alert.channel.file.impl.FileEmitterImpl] - [No such file or directory]
2018-09-22 01:26:55,224 INFO [br.com.bradesco.web.aq.application.log.impl.LogManagerImpl] - [Loaded LOG CATALOG from EXTERNAL Location [ '/suportedbdc_apl/ibsp/ibspaceitedigital/config/log4j-catalog.xml'].]
2018-09-22 01:26:55,246 WARN [br.com.bradesco.web.aq.application.alert.config.AlertCatalogImpl] - [Could not open ServletContext resource [/WEB-INF/classes/alert-catalog.xml]]
2018-09-22 01:26:55,258 WARN [br.com.bradesco.web.aq.application.alert.channel.file.impl.FileEmitterImpl] - [No such file or directory]
2018-09-22 01:27:12,829 INFO [br.com.bradesco.web.aq.application.log.impl.LogManagerImpl] - [Loaded LOG CATALOG from EXTERNAL Location [ '/suportedbdc_apl/ibsp/ibspaceitedigital/config/log4j-catalog.xml'].]
2018-09-22 01:27:12,860 WARN [br.com.bradesco.web.aq.application.alert.config.AlertCatalogImpl] - [Could not open ServletContext resource [/WEB-INF/classes/alert-catalog.xml]]
2018-09-22 01:27:12,875 WARN [br.com.bradesco.web.aq.application.alert.channel.file.impl.FileEmitterImpl] - [No such file or directory]
2018-09-22 05:43:35,842 INFO [br.com.bradesco.web.aq.view.filters.impl.BradescoFilterManager] - [Inicializando BradescoFilterManager]
2018-09-22 05:43:35,843 INFO [br.com.bradesco.web.aq.view.filters.impl.BradescoFilterManager] - [Finalizando a inicialização do objeto BradescoFilterManager]
2018-09-22 05:43:35,970 INFO [br.com.bradesco.web.aq.view.filters.session.BradescoRequestInterceptionFilter] - [Inicializando Bradesco Filter 'class br.com.bradesco.web.aq.view.filters.session.BradescoRequestInterceptionFilter']
2018-09-22 05:43:35,971 INFO [br.com.bradesco.web.aq.view.filters.object.BradescoDataContextInterceptionFilter] - [Inicializando Bradesco Filter 'class br.com.bradesco.web.aq.view.filters.object.BradescoDataContextInterceptionFilter']
2018-09-22 05:43:36,116 INFO [br.com.bradesco.web.aq.view.filters.impl.BradescoFilterImpl] - [Inicializando Bradesco Filter 'class br.com.bradesco.web.aq.view.filters.impl.BradescoFilterImpl']
2018-09-22 09:35:28,482 INFO [br.com.bradesco.web.aq.view.filters.session.BradescoRequestInterceptionFilter] - [Inicializando Bradesco Filter 'class br.com.bradesco.web.aq.view.filters.session.BradescoRequestInterceptionFilter']
2018-09-22 09:35:28,482 INFO [br.com.bradesco.web.aq.view.filters.object.BradescoDataContextInterceptionFilter] - [Inicializando Bradesco Filter 'class br.com.bradesco.web.aq.view.filters.object.BradescoDataContextInterceptionFilter']
2018-09-22 09:35:28,508 INFO [br.com.bradesco.web.aq.view.filters.impl.BradescoFilterImpl] - [Inicializando Bradesco Filter 'class br.com.bradesco.web.aq.view.filters.impl.BradescoFilterImpl']
