2018-09-22 09:47:40,853 ERROR [br.com.bradesco.mobile.bvp.navegacao.apresentacao.LoginAction] - [Erro ao acessar Previdencia]
java.lang.Exception: Falha na recuperação de Sessao:Sessao Invalida; Scrambled: 556402581544903000; IP: 179.229.247.124
	at br.com.bradesco.mobile.bvp.navegacao.apresentacao.LoginAction.execute(LoginAction.java:164)
	at org.apache.struts.action.RequestProcessor.processActionPerform(RequestProcessor.java:484)
	at org.apache.struts.action.RequestProcessor.process(RequestProcessor.java:274)
	at org.apache.struts.action.ActionServlet.process(ActionServlet.java:1482)
	at org.apache.struts.action.ActionServlet.doPost(ActionServlet.java:525)
	at javax.servlet.http.HttpServlet.service(HttpServlet.java:763)
	at javax.servlet.http.HttpServlet.service(HttpServlet.java:856)
	at com.ibm.ws.webcontainer.servlet.ServletWrapper.service(ServletWrapper.java:1213)
	at com.ibm.ws.webcontainer.servlet.ServletWrapper.service(ServletWrapper.java:1154)
	at com.ibm.ws.webcontainer.filter.WebAppFilterChain.doFilter(WebAppFilterChain.java:145)
	at br.com.bradesco.mobile.comum.log.BaseContextFilter.doFilter(BaseContextFilter.java:82)
	at com.ibm.ws.webcontainer.filter.FilterInstanceWrapper.doFilter(FilterInstanceWrapper.java:190)
	at com.ibm.ws.webcontainer.filter.WebAppFilterChain.doFilter(WebAppFilterChain.java:130)
	at com.ibm.ws.webcontainer.filter.WebAppFilterChain._doFilter(WebAppFilterChain.java:87)
	at com.ibm.ws.webcontainer.filter.WebAppFilterManager.doFilter(WebAppFilterManager.java:848)
	at com.ibm.ws.webcontainer.filter.WebAppFilterManager.doFilter(WebAppFilterManager.java:691)
	at com.ibm.ws.webcontainer.servlet.ServletWrapper.handleRequest(ServletWrapper.java:654)
	at com.ibm.ws.wswebcontainer.servlet.ServletWrapper.handleRequest(ServletWrapper.java:526)
	at com.ibm.ws.webcontainer.servlet.CacheServletWrapper.handleRequest(CacheServletWrapper.java:90)
	at com.ibm.ws.webcontainer.WebContainer.handleRequest(WebContainer.java:764)
	at com.ibm.ws.wswebcontainer.WebContainer.handleRequest(WebContainer.java:1478)
	at com.ibm.ws.webcontainer.channel.WCChannelLink.ready(WCChannelLink.java:133)
	at com.ibm.ws.http.channel.inbound.impl.HttpInboundLink.handleDiscrimination(HttpInboundLink.java:457)
	at com.ibm.ws.http.channel.inbound.impl.HttpInboundLink.handleNewRequest(HttpInboundLink.java:515)
	at com.ibm.ws.http.channel.inbound.impl.HttpInboundLink.processRequest(HttpInboundLink.java:300)
	at com.ibm.ws.http.channel.inbound.impl.HttpICLReadCallback.complete(HttpICLReadCallback.java:102)
	at com.ibm.ws.ssl.channel.impl.SSLReadServiceContext$SSLReadCompletedCallback.complete(SSLReadServiceContext.java:1830)
	at com.ibm.ws.tcp.channel.impl.WorkQueueManager.requestComplete(WorkQueueManager.java:556)
	at com.ibm.ws.tcp.channel.impl.WorkQueueManager.attemptIO(WorkQueueManager.java:606)
	at com.ibm.ws.tcp.channel.impl.WorkQueueManager.workerRun(WorkQueueManager.java:979)
	at com.ibm.ws.tcp.channel.impl.WorkQueueManager$Worker.run(WorkQueueManager.java:1064)
	at com.ibm.ws.util.ThreadPool$Worker.run(ThreadPool.java:1593)
2018-09-22 10:14:01,535 ERROR [br.com.bradesco.mobile.bvp.navegacao.apresentacao.LoginAction] - [Erro ao acessar Previdencia]
java.lang.Exception: Falha na recuperação de Sessao:Erro na obtencao da conexao com o banco de dados (SQLDAOException); Scrambled: 320867407439608000; IP: 189.40.69.130
	at br.com.bradesco.mobile.bvp.navegacao.apresentacao.LoginAction.execute(LoginAction.java:164)
	at org.apache.struts.action.RequestProcessor.processActionPerform(RequestProcessor.java:484)
	at org.apache.struts.action.RequestProcessor.process(RequestProcessor.java:274)
	at org.apache.struts.action.ActionServlet.process(ActionServlet.java:1482)
	at org.apache.struts.action.ActionServlet.doPost(ActionServlet.java:525)
	at javax.servlet.http.HttpServlet.service(HttpServlet.java:763)
	at javax.servlet.http.HttpServlet.service(HttpServlet.java:856)
	at com.ibm.ws.webcontainer.servlet.ServletWrapper.service(ServletWrapper.java:1213)
	at com.ibm.ws.webcontainer.servlet.ServletWrapper.service(ServletWrapper.java:1154)
	at com.ibm.ws.webcontainer.filter.WebAppFilterChain.doFilter(WebAppFilterChain.java:145)
	at br.com.bradesco.mobile.comum.log.BaseContextFilter.doFilter(BaseContextFilter.java:82)
	at com.ibm.ws.webcontainer.filter.FilterInstanceWrapper.doFilter(FilterInstanceWrapper.java:190)
	at com.ibm.ws.webcontainer.filter.WebAppFilterChain.doFilter(WebAppFilterChain.java:130)
	at com.ibm.ws.webcontainer.filter.WebAppFilterChain._doFilter(WebAppFilterChain.java:87)
	at com.ibm.ws.webcontainer.filter.WebAppFilterManager.doFilter(WebAppFilterManager.java:848)
	at com.ibm.ws.webcontainer.filter.WebAppFilterManager.doFilter(WebAppFilterManager.java:691)
	at com.ibm.ws.webcontainer.servlet.ServletWrapper.handleRequest(ServletWrapper.java:654)
	at com.ibm.ws.wswebcontainer.servlet.ServletWrapper.handleRequest(ServletWrapper.java:526)
	at com.ibm.ws.webcontainer.servlet.CacheServletWrapper.handleRequest(CacheServletWrapper.java:90)
	at com.ibm.ws.webcontainer.WebContainer.handleRequest(WebContainer.java:764)
	at com.ibm.ws.wswebcontainer.WebContainer.handleRequest(WebContainer.java:1478)
	at com.ibm.ws.webcontainer.channel.WCChannelLink.ready(WCChannelLink.java:133)
	at com.ibm.ws.http.channel.inbound.impl.HttpInboundLink.handleDiscrimination(HttpInboundLink.java:457)
	at com.ibm.ws.http.channel.inbound.impl.HttpInboundLink.handleNewRequest(HttpInboundLink.java:515)
	at com.ibm.ws.http.channel.inbound.impl.HttpInboundLink.processRequest(HttpInboundLink.java:300)
	at com.ibm.ws.http.channel.inbound.impl.HttpICLReadCallback.complete(HttpICLReadCallback.java:102)
	at com.ibm.ws.ssl.channel.impl.SSLReadServiceContext$SSLReadCompletedCallback.complete(SSLReadServiceContext.java:1830)
	at com.ibm.ws.tcp.channel.impl.WorkQueueManager.requestComplete(WorkQueueManager.java:556)
	at com.ibm.ws.tcp.channel.impl.WorkQueueManager.attemptIO(WorkQueueManager.java:606)
	at com.ibm.ws.tcp.channel.impl.WorkQueueManager.workerRun(WorkQueueManager.java:979)
	at com.ibm.ws.tcp.channel.impl.WorkQueueManager$Worker.run(WorkQueueManager.java:1064)
	at com.ibm.ws.util.ThreadPool$Worker.run(ThreadPool.java:1593)
